2016-06-15T01:47:19+00:00 hntvlan569.3182.wlan.wireless-resnet.upenn.edu#00 I: Runner: processes
2016-06-15T01:47:19+00:00 hntvlan569.3182.wlan.wireless-resnet.upenn.edu#00 I: Chooser: simple
2016-06-15T01:47:19+00:00 hntvlan569.3182.wlan.wireless-resnet.upenn.edu#00 I: Configuration suite_name = "suite"
2016-06-15T01:47:19+00:00 hntvlan569.3182.wlan.wireless-resnet.upenn.edu#00 I: Configuration cache_filename = "/Users/matthewriley/llvm_tutorial/_build/oUnit-$(suite_name).cache"
2016-06-15T01:47:19+00:00 hntvlan569.3182.wlan.wireless-resnet.upenn.edu#00 I: Configuration display = "true"
2016-06-15T01:47:19+00:00 hntvlan569.3182.wlan.wireless-resnet.upenn.edu#00 I: Configuration results_style_1_X = "false"
2016-06-15T01:47:19+00:00 hntvlan569.3182.wlan.wireless-resnet.upenn.edu#00 I: Configuration verbose = "false"
2016-06-15T01:47:19+00:00 hntvlan569.3182.wlan.wireless-resnet.upenn.edu#00 I: Configuration health_check_interval = "1."
2016-06-15T01:47:19+00:00 hntvlan569.3182.wlan.wireless-resnet.upenn.edu#00 I: Configuration testdata_dir = "none"
2016-06-15T01:47:19+00:00 hntvlan569.3182.wlan.wireless-resnet.upenn.edu#00 I: Configuration chooser = "simple"
2016-06-15T01:47:19+00:00 hntvlan569.3182.wlan.wireless-resnet.upenn.edu#00 I: Configuration output_html_dir = "none"
2016-06-15T01:47:19+00:00 hntvlan569.3182.wlan.wireless-resnet.upenn.edu#00 I: Configuration processes_kill_period = "5."
2016-06-15T01:47:19+00:00 hntvlan569.3182.wlan.wireless-resnet.upenn.edu#00 I: Configuration runner = "processes"
2016-06-15T01:47:19+00:00 hntvlan569.3182.wlan.wireless-resnet.upenn.edu#00 I: Configuration shards = "2"
2016-06-15T01:47:19+00:00 hntvlan569.3182.wlan.wireless-resnet.upenn.edu#00 I: Configuration processes_grace_period = "5."
2016-06-15T01:47:19+00:00 hntvlan569.3182.wlan.wireless-resnet.upenn.edu#00 I: Configuration log_encoding = "utf-8"
2016-06-15T01:47:19+00:00 hntvlan569.3182.wlan.wireless-resnet.upenn.edu#00 I: Configuration output_junit_file = "none"
2016-06-15T01:47:19+00:00 hntvlan569.3182.wlan.wireless-resnet.upenn.edu#00 I: Configuration output_file = "/Users/matthewriley/llvm_tutorial/_build/oUnit-$(suite_name)-$(shard_id).log"
2016-06-15T01:47:19+00:00 hntvlan569.3182.wlan.wireless-resnet.upenn.edu#00 I: Using 2 workers maximum.
2016-06-15T01:47:19+00:00 hntvlan569.3182.wlan.wireless-resnet.upenn.edu#00 I: Starting worker number hntvlan569.3182.wlan.wireless-resnet.upenn.edu#01.
2016-06-15T01:47:19+00:00 hntvlan569.3182.wlan.wireless-resnet.upenn.edu#00 I: Worker hntvlan569.3182.wlan.wireless-resnet.upenn.edu#01 started.
2016-06-15T01:47:19+00:00 hntvlan569.3182.wlan.wireless-resnet.upenn.edu#00 I: Starting worker number hntvlan569.3182.wlan.wireless-resnet.upenn.edu#02.
2016-06-15T01:47:19+00:00 hntvlan569.3182.wlan.wireless-resnet.upenn.edu#00 I: Worker hntvlan569.3182.wlan.wireless-resnet.upenn.edu#02 started.
2016-06-15T01:47:19+00:00 hntvlan569.3182.wlan.wireless-resnet.upenn.edu#00 I: Still 2 tests running : suite:1:test 2, suite:0:test 1.
2016-06-15T01:47:19+00:00 hntvlan569.3182.wlan.wireless-resnet.upenn.edu#00 I: 2 tests running: suite:1:test 2, suite:0:test 1.
2016-06-15T01:47:19+00:00 hntvlan569.3182.wlan.wireless-resnet.upenn.edu#01 I: Start test suite:0:test 1.
2016-06-15T01:47:19+00:00 hntvlan569.3182.wlan.wireless-resnet.upenn.edu#00 I: Still 2 tests running : suite:1:test 2, suite:0:test 1.
2016-06-15T01:47:19+00:00 hntvlan569.3182.wlan.wireless-resnet.upenn.edu#00 I: 2 tests running: suite:1:test 2, suite:0:test 1.
2016-06-15T01:47:19+00:00 hntvlan569.3182.wlan.wireless-resnet.upenn.edu#02 I: Start test suite:1:test 2.
2016-06-15T01:47:19+00:00 hntvlan569.3182.wlan.wireless-resnet.upenn.edu#00 I: Still 2 tests running : suite:1:test 2, suite:0:test 1.
2016-06-15T01:47:19+00:00 hntvlan569.3182.wlan.wireless-resnet.upenn.edu#00 I: 2 tests running: suite:1:test 2, suite:0:test 1.
2016-06-15T01:47:19+00:00 hntvlan569.3182.wlan.wireless-resnet.upenn.edu#01 I: Test suite:0:test 1 is successful.
2016-06-15T01:47:19+00:00 hntvlan569.3182.wlan.wireless-resnet.upenn.edu#00 I: Still 2 tests running : suite:1:test 2, suite:0:test 1.
2016-06-15T01:47:19+00:00 hntvlan569.3182.wlan.wireless-resnet.upenn.edu#00 I: 2 tests running: suite:1:test 2, suite:0:test 1.
2016-06-15T01:47:19+00:00 hntvlan569.3182.wlan.wireless-resnet.upenn.edu#01 I: End test suite:0:test 1.
2016-06-15T01:47:19+00:00 hntvlan569.3182.wlan.wireless-resnet.upenn.edu#00 I: Still 2 tests running : suite:1:test 2, suite:0:test 1.
2016-06-15T01:47:19+00:00 hntvlan569.3182.wlan.wireless-resnet.upenn.edu#00 I: 2 tests running: suite:1:test 2, suite:0:test 1.
2016-06-15T01:47:19+00:00 hntvlan569.3182.wlan.wireless-resnet.upenn.edu#00 I: Still 1 tests running : suite:1:test 2.
2016-06-15T01:47:19+00:00 hntvlan569.3182.wlan.wireless-resnet.upenn.edu#00 I: 1 tests running: suite:1:test 2.
2016-06-15T01:47:19+00:00 hntvlan569.3182.wlan.wireless-resnet.upenn.edu#02 E: Test suite:1:test 2 has failed.
2016-06-15T01:47:19+00:00 hntvlan569.3182.wlan.wireless-resnet.upenn.edu#02 E: not equal in test suite:1:test 2.
2016-06-15T01:47:19+00:00 hntvlan569.3182.wlan.wireless-resnet.upenn.edu#02 E: Raised at file "src/oUnitAssert.ml", line 45, characters 8-27
2016-06-15T01:47:19+00:00 hntvlan569.3182.wlan.wireless-resnet.upenn.edu#02 E: Called from file "src/oUnitRunner.ml", line 46, characters 13-26
2016-06-15T01:47:19+00:00 hntvlan569.3182.wlan.wireless-resnet.upenn.edu#02 E: 
2016-06-15T01:47:19+00:00 hntvlan569.3182.wlan.wireless-resnet.upenn.edu#00 I: Still 1 tests running : suite:1:test 2.
2016-06-15T01:47:19+00:00 hntvlan569.3182.wlan.wireless-resnet.upenn.edu#00 I: 1 tests running: suite:1:test 2.
2016-06-15T01:47:19+00:00 hntvlan569.3182.wlan.wireless-resnet.upenn.edu#02 I: End test suite:1:test 2.
2016-06-15T01:47:19+00:00 hntvlan569.3182.wlan.wireless-resnet.upenn.edu#00 I: Still 1 tests running : suite:1:test 2.
2016-06-15T01:47:19+00:00 hntvlan569.3182.wlan.wireless-resnet.upenn.edu#00 I: 1 tests running: suite:1:test 2.
2016-06-15T01:47:19+00:00 hntvlan569.3182.wlan.wireless-resnet.upenn.edu#00 I: 0 tests running: .
2016-06-15T01:47:19+00:00 hntvlan569.3182.wlan.wireless-resnet.upenn.edu#00 I: Worker hntvlan569.3182.wlan.wireless-resnet.upenn.edu#02 has ended.
2016-06-15T01:47:19+00:00 hntvlan569.3182.wlan.wireless-resnet.upenn.edu#00 I: 0 tests running: .
2016-06-15T01:47:19+00:00 hntvlan569.3182.wlan.wireless-resnet.upenn.edu#00 I: Worker hntvlan569.3182.wlan.wireless-resnet.upenn.edu#01 has ended.
2016-06-15T01:47:19+00:00 hntvlan569.3182.wlan.wireless-resnet.upenn.edu#00 I: Used 2 worker during test execution.
2016-06-15T01:47:19+00:00 hntvlan569.3182.wlan.wireless-resnet.upenn.edu#00 I: Run 1 tests with shard hntvlan569.3182.wlan.wireless-resnet.upenn.edu#01.
2016-06-15T01:47:19+00:00 hntvlan569.3182.wlan.wireless-resnet.upenn.edu#00 I: Run 1 tests with shard hntvlan569.3182.wlan.wireless-resnet.upenn.edu#02.
2016-06-15T01:47:19+00:00 hntvlan569.3182.wlan.wireless-resnet.upenn.edu#00 I: ==============
2016-06-15T01:47:19+00:00 hntvlan569.3182.wlan.wireless-resnet.upenn.edu#00 I: Summary:
2016-06-15T01:47:19+00:00 hntvlan569.3182.wlan.wireless-resnet.upenn.edu#00 E: Test suite:1:test 2 has failed.
2016-06-15T01:47:19+00:00 hntvlan569.3182.wlan.wireless-resnet.upenn.edu#00 E: not equal in test suite:1:test 2.
2016-06-15T01:47:19+00:00 hntvlan569.3182.wlan.wireless-resnet.upenn.edu#00 E: Raised at file "src/oUnitAssert.ml", line 45, characters 8-27
2016-06-15T01:47:19+00:00 hntvlan569.3182.wlan.wireless-resnet.upenn.edu#00 E: Called from file "src/oUnitRunner.ml", line 46, characters 13-26
2016-06-15T01:47:19+00:00 hntvlan569.3182.wlan.wireless-resnet.upenn.edu#00 E: 
2016-06-15T01:47:19+00:00 hntvlan569.3182.wlan.wireless-resnet.upenn.edu#00 I: Test suite:0:test 1 is successful.
2016-06-15T01:47:19+00:00 hntvlan569.3182.wlan.wireless-resnet.upenn.edu#00 I: Ran: 2 tests in: 0.20 seconds.
2016-06-15T01:47:19+00:00 hntvlan569.3182.wlan.wireless-resnet.upenn.edu#00 I: Cases: 2.
2016-06-15T01:47:19+00:00 hntvlan569.3182.wlan.wireless-resnet.upenn.edu#00 I: Tried: 2.
2016-06-15T01:47:19+00:00 hntvlan569.3182.wlan.wireless-resnet.upenn.edu#00 I: Errors: 0.
2016-06-15T01:47:19+00:00 hntvlan569.3182.wlan.wireless-resnet.upenn.edu#00 I: Failures: 1.
2016-06-15T01:47:19+00:00 hntvlan569.3182.wlan.wireless-resnet.upenn.edu#00 I: Skip: 0.
2016-06-15T01:47:19+00:00 hntvlan569.3182.wlan.wireless-resnet.upenn.edu#00 I: Todo: 0.
2016-06-15T01:47:19+00:00 hntvlan569.3182.wlan.wireless-resnet.upenn.edu#00 I: Timeout: 0.
