2016-07-02T23:23:00+00:00 vagvlan536.088.wlan.library.upenn.edu#01 I: Start test suite:0:empty file test.
2016-07-02T23:23:00+00:00 vagvlan536.088.wlan.library.upenn.edu#01 I: Created a temporary file: "/var/folders/l3/z45trqb550509wh51ydxj61h0000gn/T/ounit-af16b8-vagvlan536.088.wlan.library.upenn.edu#01.txt".
2016-07-02T23:23:00+00:00 vagvlan536.088.wlan.library.upenn.edu#01 I: Expected: 
2016-07-02T23:23:00+00:00 vagvlan536.088.wlan.library.upenn.edu#01 I: Actual: 
2016-07-02T23:23:00+00:00 vagvlan536.088.wlan.library.upenn.edu#01 I: Test suite:0:empty file test is successful.
2016-07-02T23:23:00+00:00 vagvlan536.088.wlan.library.upenn.edu#01 I: Removed a temporary file: "/var/folders/l3/z45trqb550509wh51ydxj61h0000gn/T/ounit-af16b8-vagvlan536.088.wlan.library.upenn.edu#01.txt".
2016-07-02T23:23:00+00:00 vagvlan536.088.wlan.library.upenn.edu#01 I: End test suite:0:empty file test.
2016-07-02T23:23:00+00:00 vagvlan536.088.wlan.library.upenn.edu#01 I: Start test suite:2:single def test.
2016-07-02T23:23:00+00:00 vagvlan536.088.wlan.library.upenn.edu#01 I: Created a temporary file: "/var/folders/l3/z45trqb550509wh51ydxj61h0000gn/T/ounit-5e5b64-vagvlan536.088.wlan.library.upenn.edu#01.txt".
2016-07-02T23:23:00+00:00 vagvlan536.088.wlan.library.upenn.edu#01 I: Expected: def
2016-07-02T23:23:00+00:00 vagvlan536.088.wlan.library.upenn.edu#01 I: Actual: def
2016-07-02T23:23:00+00:00 vagvlan536.088.wlan.library.upenn.edu#01 I: Test suite:2:single def test is successful.
2016-07-02T23:23:00+00:00 vagvlan536.088.wlan.library.upenn.edu#01 I: Removed a temporary file: "/var/folders/l3/z45trqb550509wh51ydxj61h0000gn/T/ounit-5e5b64-vagvlan536.088.wlan.library.upenn.edu#01.txt".
2016-07-02T23:23:00+00:00 vagvlan536.088.wlan.library.upenn.edu#01 I: End test suite:2:single def test.
2016-07-02T23:23:00+00:00 vagvlan536.088.wlan.library.upenn.edu#01 I: Start test suite:4:single ident test.
2016-07-02T23:23:00+00:00 vagvlan536.088.wlan.library.upenn.edu#01 I: Created a temporary file: "/var/folders/l3/z45trqb550509wh51ydxj61h0000gn/T/ounit-0776f6-vagvlan536.088.wlan.library.upenn.edu#01.txt".
2016-07-02T23:23:00+00:00 vagvlan536.088.wlan.library.upenn.edu#01 I: Expected: Ident foo
2016-07-02T23:23:00+00:00 vagvlan536.088.wlan.library.upenn.edu#01 I: Actual: Ident foo
2016-07-02T23:23:00+00:00 vagvlan536.088.wlan.library.upenn.edu#01 I: Test suite:4:single ident test is successful.
2016-07-02T23:23:00+00:00 vagvlan536.088.wlan.library.upenn.edu#01 I: Removed a temporary file: "/var/folders/l3/z45trqb550509wh51ydxj61h0000gn/T/ounit-0776f6-vagvlan536.088.wlan.library.upenn.edu#01.txt".
2016-07-02T23:23:00+00:00 vagvlan536.088.wlan.library.upenn.edu#01 I: End test suite:4:single ident test.
2016-07-02T23:23:00+00:00 vagvlan536.088.wlan.library.upenn.edu#01 I: Start test suite:6:ignore comment line.
2016-07-02T23:23:00+00:00 vagvlan536.088.wlan.library.upenn.edu#01 I: Created a temporary file: "/var/folders/l3/z45trqb550509wh51ydxj61h0000gn/T/ounit-285d83-vagvlan536.088.wlan.library.upenn.edu#01.txt".
2016-07-02T23:23:00+00:00 vagvlan536.088.wlan.library.upenn.edu#01 I: Expected: def
2016-07-02T23:23:00+00:00 vagvlan536.088.wlan.library.upenn.edu#01 I: Actual: def
2016-07-02T23:23:00+00:00 vagvlan536.088.wlan.library.upenn.edu#01 I: Test suite:6:ignore comment line is successful.
2016-07-02T23:23:00+00:00 vagvlan536.088.wlan.library.upenn.edu#01 I: Removed a temporary file: "/var/folders/l3/z45trqb550509wh51ydxj61h0000gn/T/ounit-285d83-vagvlan536.088.wlan.library.upenn.edu#01.txt".
2016-07-02T23:23:00+00:00 vagvlan536.088.wlan.library.upenn.edu#01 I: End test suite:6:ignore comment line.
2016-07-02T23:23:00+00:00 vagvlan536.088.wlan.library.upenn.edu#01 I: Start test suite:8:ident in parens.
2016-07-02T23:23:00+00:00 vagvlan536.088.wlan.library.upenn.edu#01 I: Created a temporary file: "/var/folders/l3/z45trqb550509wh51ydxj61h0000gn/T/ounit-cb0722-vagvlan536.088.wlan.library.upenn.edu#01.txt".
2016-07-02T23:23:00+00:00 vagvlan536.088.wlan.library.upenn.edu#01 I: Expected: Other token (Ident fooOther token )
2016-07-02T23:23:00+00:00 vagvlan536.088.wlan.library.upenn.edu#01 I: Actual: Other token (Ident fooOther token )
2016-07-02T23:23:00+00:00 vagvlan536.088.wlan.library.upenn.edu#01 I: Test suite:8:ident in parens is successful.
2016-07-02T23:23:00+00:00 vagvlan536.088.wlan.library.upenn.edu#01 I: Removed a temporary file: "/var/folders/l3/z45trqb550509wh51ydxj61h0000gn/T/ounit-cb0722-vagvlan536.088.wlan.library.upenn.edu#01.txt".
2016-07-02T23:23:00+00:00 vagvlan536.088.wlan.library.upenn.edu#01 I: End test suite:8:ident in parens.
2016-07-02T23:23:00+00:00 vagvlan536.088.wlan.library.upenn.edu#01 I: Start test suite:10:ident with trailing num.
2016-07-02T23:23:00+00:00 vagvlan536.088.wlan.library.upenn.edu#01 I: Created a temporary file: "/var/folders/l3/z45trqb550509wh51ydxj61h0000gn/T/ounit-77728d-vagvlan536.088.wlan.library.upenn.edu#01.txt".
2016-07-02T23:23:00+00:00 vagvlan536.088.wlan.library.upenn.edu#01 I: Expected: Ident abc1
2016-07-02T23:23:00+00:00 vagvlan536.088.wlan.library.upenn.edu#01 I: Actual: Ident abc1
2016-07-02T23:23:00+00:00 vagvlan536.088.wlan.library.upenn.edu#01 I: Test suite:10:ident with trailing num is successful.
2016-07-02T23:23:00+00:00 vagvlan536.088.wlan.library.upenn.edu#01 I: Removed a temporary file: "/var/folders/l3/z45trqb550509wh51ydxj61h0000gn/T/ounit-77728d-vagvlan536.088.wlan.library.upenn.edu#01.txt".
2016-07-02T23:23:00+00:00 vagvlan536.088.wlan.library.upenn.edu#01 I: End test suite:10:ident with trailing num.
2016-07-02T23:23:00+00:00 vagvlan536.088.wlan.library.upenn.edu#01 I: Start test suite:12:test string of proto helper.
2016-07-02T23:23:00+00:00 vagvlan536.088.wlan.library.upenn.edu#01 I: Expected: name: foo, args: a b 
2016-07-02T23:23:00+00:00 vagvlan536.088.wlan.library.upenn.edu#01 I: Actual: name: foo, args: a b 
2016-07-02T23:23:00+00:00 vagvlan536.088.wlan.library.upenn.edu#01 I: Test suite:12:test string of proto helper is successful.
2016-07-02T23:23:00+00:00 vagvlan536.088.wlan.library.upenn.edu#01 I: End test suite:12:test string of proto helper.
2016-07-02T23:23:00+00:00 vagvlan536.088.wlan.library.upenn.edu#01 I: Start test suite:13:parse proto no args.
2016-07-02T23:23:00+00:00 vagvlan536.088.wlan.library.upenn.edu#01 I: Expected: name: sq, args: 
2016-07-02T23:23:00+00:00 vagvlan536.088.wlan.library.upenn.edu#01 I: Actual: name: sq, args: 
2016-07-02T23:23:00+00:00 vagvlan536.088.wlan.library.upenn.edu#01 I: Expected: Ident foo
2016-07-02T23:23:00+00:00 vagvlan536.088.wlan.library.upenn.edu#01 I: Actual: Ident foo
2016-07-02T23:23:00+00:00 vagvlan536.088.wlan.library.upenn.edu#01 I: Test suite:13:parse proto no args is successful.
2016-07-02T23:23:00+00:00 vagvlan536.088.wlan.library.upenn.edu#01 I: End test suite:13:parse proto no args.
2016-07-02T23:23:00+00:00 vagvlan536.088.wlan.library.upenn.edu#01 I: Start test suite:15:parse proto multi args.
2016-07-02T23:23:00+00:00 vagvlan536.088.wlan.library.upenn.edu#01 I: Expected: name: sq, args: a b 
2016-07-02T23:23:00+00:00 vagvlan536.088.wlan.library.upenn.edu#01 I: Actual: name: sq, args: a b 
2016-07-02T23:23:00+00:00 vagvlan536.088.wlan.library.upenn.edu#01 I: Expected: Ident foo
2016-07-02T23:23:00+00:00 vagvlan536.088.wlan.library.upenn.edu#01 I: Actual: Ident foo
2016-07-02T23:23:00+00:00 vagvlan536.088.wlan.library.upenn.edu#01 I: Test suite:15:parse proto multi args is successful.
2016-07-02T23:23:00+00:00 vagvlan536.088.wlan.library.upenn.edu#01 I: End test suite:15:parse proto multi args.
2016-07-02T23:23:00+00:00 vagvlan536.088.wlan.library.upenn.edu#01 I: Start test suite:17:parse call one arg.
2016-07-02T23:23:00+00:00 vagvlan536.088.wlan.library.upenn.edu#01 I: Expected: Call one with 1.
2016-07-02T23:23:00+00:00 vagvlan536.088.wlan.library.upenn.edu#01 I: Actual: Call one with 1.
2016-07-02T23:23:00+00:00 vagvlan536.088.wlan.library.upenn.edu#01 I: Test suite:17:parse call one arg is successful.
2016-07-02T23:23:00+00:00 vagvlan536.088.wlan.library.upenn.edu#01 I: End test suite:17:parse call one arg.
2016-07-02T23:23:00+00:00 vagvlan536.088.wlan.library.upenn.edu#01 I: Start test suite:19:parse binary expr single term.
2016-07-02T23:23:00+00:00 vagvlan536.088.wlan.library.upenn.edu#01 I: Expected: 1.
2016-07-02T23:23:00+00:00 vagvlan536.088.wlan.library.upenn.edu#01 I: Actual: 1.
2016-07-02T23:23:00+00:00 vagvlan536.088.wlan.library.upenn.edu#01 I: Expected: Ident ha
2016-07-02T23:23:00+00:00 vagvlan536.088.wlan.library.upenn.edu#01 I: Actual: Ident ha
2016-07-02T23:23:00+00:00 vagvlan536.088.wlan.library.upenn.edu#01 I: Test suite:19:parse binary expr single term is successful.
2016-07-02T23:23:00+00:00 vagvlan536.088.wlan.library.upenn.edu#01 I: End test suite:19:parse binary expr single term.
2016-07-02T23:23:00+00:00 vagvlan536.088.wlan.library.upenn.edu#01 I: Start test suite:22:parse binary expr. three terms, decreasing precedence.
2016-07-02T23:23:00+00:00 vagvlan536.088.wlan.library.upenn.edu#01 I: Expected: (+, (*, a, b), c)
2016-07-02T23:23:00+00:00 vagvlan536.088.wlan.library.upenn.edu#01 I: Actual: (+, (*, a, b), c)
2016-07-02T23:23:00+00:00 vagvlan536.088.wlan.library.upenn.edu#01 I: Expected: Ident d
2016-07-02T23:23:00+00:00 vagvlan536.088.wlan.library.upenn.edu#01 I: Actual: Ident d
2016-07-02T23:23:00+00:00 vagvlan536.088.wlan.library.upenn.edu#01 I: Test suite:22:parse binary expr. three terms, decreasing precedence is successful.
2016-07-02T23:23:00+00:00 vagvlan536.088.wlan.library.upenn.edu#01 I: End test suite:22:parse binary expr. three terms, decreasing precedence.
2016-07-02T23:23:00+00:00 vagvlan536.088.wlan.library.upenn.edu#01 I: Start test suite:23:parse binary expr. three terms, increasing precedence.
2016-07-02T23:23:00+00:00 vagvlan536.088.wlan.library.upenn.edu#01 I: Expected: (+, a, (+, b, c))
2016-07-02T23:23:00+00:00 vagvlan536.088.wlan.library.upenn.edu#01 I: Actual: (+, a, (+, b, c))
2016-07-02T23:23:00+00:00 vagvlan536.088.wlan.library.upenn.edu#01 I: Expected: Ident d
2016-07-02T23:23:00+00:00 vagvlan536.088.wlan.library.upenn.edu#01 I: Actual: Ident d
2016-07-02T23:23:00+00:00 vagvlan536.088.wlan.library.upenn.edu#01 I: Test suite:23:parse binary expr. three terms, increasing precedence is successful.
2016-07-02T23:23:00+00:00 vagvlan536.088.wlan.library.upenn.edu#01 I: End test suite:23:parse binary expr. three terms, increasing precedence.
2016-07-02T23:23:00+00:00 vagvlan536.088.wlan.library.upenn.edu#01 I: Start test suite:26:parse binary expr, high peak.
2016-07-02T23:23:00+00:00 vagvlan536.088.wlan.library.upenn.edu#01 I: Expected: (+, (+, a, (*, b, c)), d)
2016-07-02T23:23:00+00:00 vagvlan536.088.wlan.library.upenn.edu#01 I: Actual: (+, a, (+, (*, b, c), d))
2016-07-02T23:23:00+00:00 vagvlan536.088.wlan.library.upenn.edu#01 E: Test suite:26:parse binary expr, high peak has failed.
2016-07-02T23:23:00+00:00 vagvlan536.088.wlan.library.upenn.edu#01 E: expected: (+, (+, a, (*, b, c)), d) but got: (+, a, (+, (*, b, c), d)) in test suite:26:parse binary expr, high peak.
2016-07-02T23:23:00+00:00 vagvlan536.088.wlan.library.upenn.edu#01 E: Raised at file "src/oUnitAssert.ml", line 45, characters 8-27
2016-07-02T23:23:00+00:00 vagvlan536.088.wlan.library.upenn.edu#01 E: Called from file "test.ml", line 223, characters 2-68
2016-07-02T23:23:00+00:00 vagvlan536.088.wlan.library.upenn.edu#01 E: Called from file "src/oUnitRunner.ml", line 46, characters 13-26
2016-07-02T23:23:00+00:00 vagvlan536.088.wlan.library.upenn.edu#01 E: 
2016-07-02T23:23:00+00:00 vagvlan536.088.wlan.library.upenn.edu#01 I: End test suite:26:parse binary expr, high peak.
