2016-06-26T02:05:54+00:00 hntvlan569.0645.wlan.wireless-resnet.upenn.edu#01 I: Start test suite:0:empty file test.
2016-06-26T02:05:54+00:00 hntvlan569.0645.wlan.wireless-resnet.upenn.edu#01 I: Created a temporary file: "/var/folders/l3/z45trqb550509wh51ydxj61h0000gn/T/ounit-4cb0cf-hntvlan569.0645.wlan.wireless-resnet.upenn.edu#01.txt".
2016-06-26T02:05:54+00:00 hntvlan569.0645.wlan.wireless-resnet.upenn.edu#01 I: Expected: 
2016-06-26T02:05:54+00:00 hntvlan569.0645.wlan.wireless-resnet.upenn.edu#01 I: Actual: 
2016-06-26T02:05:54+00:00 hntvlan569.0645.wlan.wireless-resnet.upenn.edu#01 I: Test suite:0:empty file test is successful.
2016-06-26T02:05:54+00:00 hntvlan569.0645.wlan.wireless-resnet.upenn.edu#01 I: Removed a temporary file: "/var/folders/l3/z45trqb550509wh51ydxj61h0000gn/T/ounit-4cb0cf-hntvlan569.0645.wlan.wireless-resnet.upenn.edu#01.txt".
2016-06-26T02:05:54+00:00 hntvlan569.0645.wlan.wireless-resnet.upenn.edu#01 I: End test suite:0:empty file test.
2016-06-26T02:05:54+00:00 hntvlan569.0645.wlan.wireless-resnet.upenn.edu#01 I: Start test suite:2:single def test.
2016-06-26T02:05:54+00:00 hntvlan569.0645.wlan.wireless-resnet.upenn.edu#01 I: Created a temporary file: "/var/folders/l3/z45trqb550509wh51ydxj61h0000gn/T/ounit-b3712e-hntvlan569.0645.wlan.wireless-resnet.upenn.edu#01.txt".
2016-06-26T02:05:54+00:00 hntvlan569.0645.wlan.wireless-resnet.upenn.edu#01 I: Expected: def
2016-06-26T02:05:54+00:00 hntvlan569.0645.wlan.wireless-resnet.upenn.edu#01 I: Actual: def
2016-06-26T02:05:54+00:00 hntvlan569.0645.wlan.wireless-resnet.upenn.edu#01 I: Test suite:2:single def test is successful.
2016-06-26T02:05:54+00:00 hntvlan569.0645.wlan.wireless-resnet.upenn.edu#01 I: Removed a temporary file: "/var/folders/l3/z45trqb550509wh51ydxj61h0000gn/T/ounit-b3712e-hntvlan569.0645.wlan.wireless-resnet.upenn.edu#01.txt".
2016-06-26T02:05:54+00:00 hntvlan569.0645.wlan.wireless-resnet.upenn.edu#01 I: End test suite:2:single def test.
2016-06-26T02:05:54+00:00 hntvlan569.0645.wlan.wireless-resnet.upenn.edu#01 I: Start test suite:4:single ident test.
2016-06-26T02:05:54+00:00 hntvlan569.0645.wlan.wireless-resnet.upenn.edu#01 I: Created a temporary file: "/var/folders/l3/z45trqb550509wh51ydxj61h0000gn/T/ounit-5dc3ec-hntvlan569.0645.wlan.wireless-resnet.upenn.edu#01.txt".
2016-06-26T02:05:54+00:00 hntvlan569.0645.wlan.wireless-resnet.upenn.edu#01 I: Expected: Ident foo
2016-06-26T02:05:54+00:00 hntvlan569.0645.wlan.wireless-resnet.upenn.edu#01 I: Actual: Ident foo
2016-06-26T02:05:54+00:00 hntvlan569.0645.wlan.wireless-resnet.upenn.edu#01 I: Test suite:4:single ident test is successful.
2016-06-26T02:05:54+00:00 hntvlan569.0645.wlan.wireless-resnet.upenn.edu#01 I: Removed a temporary file: "/var/folders/l3/z45trqb550509wh51ydxj61h0000gn/T/ounit-5dc3ec-hntvlan569.0645.wlan.wireless-resnet.upenn.edu#01.txt".
2016-06-26T02:05:54+00:00 hntvlan569.0645.wlan.wireless-resnet.upenn.edu#01 I: End test suite:4:single ident test.
2016-06-26T02:05:54+00:00 hntvlan569.0645.wlan.wireless-resnet.upenn.edu#01 I: Start test suite:6:ignore comment line.
2016-06-26T02:05:54+00:00 hntvlan569.0645.wlan.wireless-resnet.upenn.edu#01 I: Created a temporary file: "/var/folders/l3/z45trqb550509wh51ydxj61h0000gn/T/ounit-01e027-hntvlan569.0645.wlan.wireless-resnet.upenn.edu#01.txt".
2016-06-26T02:05:54+00:00 hntvlan569.0645.wlan.wireless-resnet.upenn.edu#01 I: Expected: def
2016-06-26T02:05:54+00:00 hntvlan569.0645.wlan.wireless-resnet.upenn.edu#01 I: Actual: def
2016-06-26T02:05:54+00:00 hntvlan569.0645.wlan.wireless-resnet.upenn.edu#01 I: Test suite:6:ignore comment line is successful.
2016-06-26T02:05:54+00:00 hntvlan569.0645.wlan.wireless-resnet.upenn.edu#01 I: Removed a temporary file: "/var/folders/l3/z45trqb550509wh51ydxj61h0000gn/T/ounit-01e027-hntvlan569.0645.wlan.wireless-resnet.upenn.edu#01.txt".
2016-06-26T02:05:54+00:00 hntvlan569.0645.wlan.wireless-resnet.upenn.edu#01 I: End test suite:6:ignore comment line.
2016-06-26T02:05:54+00:00 hntvlan569.0645.wlan.wireless-resnet.upenn.edu#01 I: Start test suite:7:num ending in zero.
2016-06-26T02:05:54+00:00 hntvlan569.0645.wlan.wireless-resnet.upenn.edu#01 I: Created a temporary file: "/var/folders/l3/z45trqb550509wh51ydxj61h0000gn/T/ounit-7a1be7-hntvlan569.0645.wlan.wireless-resnet.upenn.edu#01.txt".
2016-06-26T02:05:54+00:00 hntvlan569.0645.wlan.wireless-resnet.upenn.edu#01 I: Expected: Number 3.
2016-06-26T02:05:54+00:00 hntvlan569.0645.wlan.wireless-resnet.upenn.edu#01 I: Actual: Number 3.
2016-06-26T02:05:54+00:00 hntvlan569.0645.wlan.wireless-resnet.upenn.edu#01 I: Test suite:7:num ending in zero is successful.
2016-06-26T02:05:54+00:00 hntvlan569.0645.wlan.wireless-resnet.upenn.edu#01 I: Removed a temporary file: "/var/folders/l3/z45trqb550509wh51ydxj61h0000gn/T/ounit-7a1be7-hntvlan569.0645.wlan.wireless-resnet.upenn.edu#01.txt".
2016-06-26T02:05:54+00:00 hntvlan569.0645.wlan.wireless-resnet.upenn.edu#01 I: End test suite:7:num ending in zero.
2016-06-26T02:05:54+00:00 hntvlan569.0645.wlan.wireless-resnet.upenn.edu#01 I: Start test suite:9:number in parens.
2016-06-26T02:05:54+00:00 hntvlan569.0645.wlan.wireless-resnet.upenn.edu#01 I: Created a temporary file: "/var/folders/l3/z45trqb550509wh51ydxj61h0000gn/T/ounit-b584c4-hntvlan569.0645.wlan.wireless-resnet.upenn.edu#01.txt".
2016-06-26T02:05:54+00:00 hntvlan569.0645.wlan.wireless-resnet.upenn.edu#01 I: Expected: Other token (Number 2.Other token )
2016-06-26T02:05:54+00:00 hntvlan569.0645.wlan.wireless-resnet.upenn.edu#01 I: Actual: Other token (Number 2.Other token )
2016-06-26T02:05:54+00:00 hntvlan569.0645.wlan.wireless-resnet.upenn.edu#01 I: Test suite:9:number in parens is successful.
2016-06-26T02:05:54+00:00 hntvlan569.0645.wlan.wireless-resnet.upenn.edu#01 I: Removed a temporary file: "/var/folders/l3/z45trqb550509wh51ydxj61h0000gn/T/ounit-b584c4-hntvlan569.0645.wlan.wireless-resnet.upenn.edu#01.txt".
2016-06-26T02:05:54+00:00 hntvlan569.0645.wlan.wireless-resnet.upenn.edu#01 I: End test suite:9:number in parens.
2016-06-26T02:05:54+00:00 hntvlan569.0645.wlan.wireless-resnet.upenn.edu#01 I: Start test suite:11:ident with leading num.
2016-06-26T02:05:54+00:00 hntvlan569.0645.wlan.wireless-resnet.upenn.edu#01 I: Created a temporary file: "/var/folders/l3/z45trqb550509wh51ydxj61h0000gn/T/ounit-508998-hntvlan569.0645.wlan.wireless-resnet.upenn.edu#01.txt".
2016-06-26T02:05:54+00:00 hntvlan569.0645.wlan.wireless-resnet.upenn.edu#01 I: Expected: Number 2.Ident chainz
2016-06-26T02:05:54+00:00 hntvlan569.0645.wlan.wireless-resnet.upenn.edu#01 I: Actual: Number 2.Ident chainz
2016-06-26T02:05:54+00:00 hntvlan569.0645.wlan.wireless-resnet.upenn.edu#01 I: Test suite:11:ident with leading num is successful.
2016-06-26T02:05:54+00:00 hntvlan569.0645.wlan.wireless-resnet.upenn.edu#01 I: Removed a temporary file: "/var/folders/l3/z45trqb550509wh51ydxj61h0000gn/T/ounit-508998-hntvlan569.0645.wlan.wireless-resnet.upenn.edu#01.txt".
2016-06-26T02:05:54+00:00 hntvlan569.0645.wlan.wireless-resnet.upenn.edu#01 I: End test suite:11:ident with leading num.
2016-06-26T02:05:54+00:00 hntvlan569.0645.wlan.wireless-resnet.upenn.edu#01 I: Start test suite:13:parse proto no args.
2016-06-26T02:05:54+00:00 hntvlan569.0645.wlan.wireless-resnet.upenn.edu#01 I: Expected: name: sq, args: 
2016-06-26T02:05:54+00:00 hntvlan569.0645.wlan.wireless-resnet.upenn.edu#01 I: Actual: name: sq, args: 
2016-06-26T02:05:54+00:00 hntvlan569.0645.wlan.wireless-resnet.upenn.edu#01 I: Expected: Ident foo
2016-06-26T02:05:54+00:00 hntvlan569.0645.wlan.wireless-resnet.upenn.edu#01 I: Actual: Ident foo
2016-06-26T02:05:54+00:00 hntvlan569.0645.wlan.wireless-resnet.upenn.edu#01 I: Test suite:13:parse proto no args is successful.
2016-06-26T02:05:54+00:00 hntvlan569.0645.wlan.wireless-resnet.upenn.edu#01 I: End test suite:13:parse proto no args.
