2016-07-02T23:25:42+00:00 modvvlan503.0282.wlan.wireless-greeknet.upenn.edu#01 I: Start test suite:0:empty file test.
2016-07-02T23:25:42+00:00 modvvlan503.0282.wlan.wireless-greeknet.upenn.edu#01 I: Created a temporary file: "/var/folders/l3/z45trqb550509wh51ydxj61h0000gn/T/ounit-0d0cea-modvvlan503.0282.wlan.wireless-greeknet.upenn.edu#01.txt".
2016-07-02T23:25:42+00:00 modvvlan503.0282.wlan.wireless-greeknet.upenn.edu#01 I: Expected: 
2016-07-02T23:25:42+00:00 modvvlan503.0282.wlan.wireless-greeknet.upenn.edu#01 I: Actual: 
2016-07-02T23:25:42+00:00 modvvlan503.0282.wlan.wireless-greeknet.upenn.edu#01 I: Test suite:0:empty file test is successful.
2016-07-02T23:25:42+00:00 modvvlan503.0282.wlan.wireless-greeknet.upenn.edu#01 I: Removed a temporary file: "/var/folders/l3/z45trqb550509wh51ydxj61h0000gn/T/ounit-0d0cea-modvvlan503.0282.wlan.wireless-greeknet.upenn.edu#01.txt".
2016-07-02T23:25:42+00:00 modvvlan503.0282.wlan.wireless-greeknet.upenn.edu#01 I: End test suite:0:empty file test.
2016-07-02T23:25:42+00:00 modvvlan503.0282.wlan.wireless-greeknet.upenn.edu#01 I: Start test suite:2:single def test.
2016-07-02T23:25:42+00:00 modvvlan503.0282.wlan.wireless-greeknet.upenn.edu#01 I: Created a temporary file: "/var/folders/l3/z45trqb550509wh51ydxj61h0000gn/T/ounit-629936-modvvlan503.0282.wlan.wireless-greeknet.upenn.edu#01.txt".
2016-07-02T23:25:42+00:00 modvvlan503.0282.wlan.wireless-greeknet.upenn.edu#01 I: Expected: def
2016-07-02T23:25:42+00:00 modvvlan503.0282.wlan.wireless-greeknet.upenn.edu#01 I: Actual: def
2016-07-02T23:25:42+00:00 modvvlan503.0282.wlan.wireless-greeknet.upenn.edu#01 I: Test suite:2:single def test is successful.
2016-07-02T23:25:42+00:00 modvvlan503.0282.wlan.wireless-greeknet.upenn.edu#01 I: Removed a temporary file: "/var/folders/l3/z45trqb550509wh51ydxj61h0000gn/T/ounit-629936-modvvlan503.0282.wlan.wireless-greeknet.upenn.edu#01.txt".
2016-07-02T23:25:42+00:00 modvvlan503.0282.wlan.wireless-greeknet.upenn.edu#01 I: End test suite:2:single def test.
2016-07-02T23:25:42+00:00 modvvlan503.0282.wlan.wireless-greeknet.upenn.edu#01 I: Start test suite:4:single ident test.
2016-07-02T23:25:42+00:00 modvvlan503.0282.wlan.wireless-greeknet.upenn.edu#01 I: Created a temporary file: "/var/folders/l3/z45trqb550509wh51ydxj61h0000gn/T/ounit-d6c764-modvvlan503.0282.wlan.wireless-greeknet.upenn.edu#01.txt".
2016-07-02T23:25:42+00:00 modvvlan503.0282.wlan.wireless-greeknet.upenn.edu#01 I: Expected: Ident foo
2016-07-02T23:25:42+00:00 modvvlan503.0282.wlan.wireless-greeknet.upenn.edu#01 I: Actual: Ident foo
2016-07-02T23:25:42+00:00 modvvlan503.0282.wlan.wireless-greeknet.upenn.edu#01 I: Test suite:4:single ident test is successful.
2016-07-02T23:25:42+00:00 modvvlan503.0282.wlan.wireless-greeknet.upenn.edu#01 I: Removed a temporary file: "/var/folders/l3/z45trqb550509wh51ydxj61h0000gn/T/ounit-d6c764-modvvlan503.0282.wlan.wireless-greeknet.upenn.edu#01.txt".
2016-07-02T23:25:42+00:00 modvvlan503.0282.wlan.wireless-greeknet.upenn.edu#01 I: End test suite:4:single ident test.
2016-07-02T23:25:42+00:00 modvvlan503.0282.wlan.wireless-greeknet.upenn.edu#01 I: Start test suite:6:ignore comment line.
2016-07-02T23:25:42+00:00 modvvlan503.0282.wlan.wireless-greeknet.upenn.edu#01 I: Created a temporary file: "/var/folders/l3/z45trqb550509wh51ydxj61h0000gn/T/ounit-89923b-modvvlan503.0282.wlan.wireless-greeknet.upenn.edu#01.txt".
2016-07-02T23:25:42+00:00 modvvlan503.0282.wlan.wireless-greeknet.upenn.edu#01 I: Expected: def
2016-07-02T23:25:42+00:00 modvvlan503.0282.wlan.wireless-greeknet.upenn.edu#01 I: Actual: def
2016-07-02T23:25:42+00:00 modvvlan503.0282.wlan.wireless-greeknet.upenn.edu#01 I: Test suite:6:ignore comment line is successful.
2016-07-02T23:25:42+00:00 modvvlan503.0282.wlan.wireless-greeknet.upenn.edu#01 I: Removed a temporary file: "/var/folders/l3/z45trqb550509wh51ydxj61h0000gn/T/ounit-89923b-modvvlan503.0282.wlan.wireless-greeknet.upenn.edu#01.txt".
2016-07-02T23:25:42+00:00 modvvlan503.0282.wlan.wireless-greeknet.upenn.edu#01 I: End test suite:6:ignore comment line.
2016-07-02T23:25:42+00:00 modvvlan503.0282.wlan.wireless-greeknet.upenn.edu#01 I: Start test suite:8:ident in parens.
2016-07-02T23:25:42+00:00 modvvlan503.0282.wlan.wireless-greeknet.upenn.edu#01 I: Created a temporary file: "/var/folders/l3/z45trqb550509wh51ydxj61h0000gn/T/ounit-178035-modvvlan503.0282.wlan.wireless-greeknet.upenn.edu#01.txt".
2016-07-02T23:25:42+00:00 modvvlan503.0282.wlan.wireless-greeknet.upenn.edu#01 I: Expected: Other token (Ident fooOther token )
2016-07-02T23:25:42+00:00 modvvlan503.0282.wlan.wireless-greeknet.upenn.edu#01 I: Actual: Other token (Ident fooOther token )
2016-07-02T23:25:42+00:00 modvvlan503.0282.wlan.wireless-greeknet.upenn.edu#01 I: Test suite:8:ident in parens is successful.
2016-07-02T23:25:42+00:00 modvvlan503.0282.wlan.wireless-greeknet.upenn.edu#01 I: Removed a temporary file: "/var/folders/l3/z45trqb550509wh51ydxj61h0000gn/T/ounit-178035-modvvlan503.0282.wlan.wireless-greeknet.upenn.edu#01.txt".
2016-07-02T23:25:42+00:00 modvvlan503.0282.wlan.wireless-greeknet.upenn.edu#01 I: End test suite:8:ident in parens.
2016-07-02T23:25:42+00:00 modvvlan503.0282.wlan.wireless-greeknet.upenn.edu#01 I: Start test suite:10:ident with trailing num.
2016-07-02T23:25:42+00:00 modvvlan503.0282.wlan.wireless-greeknet.upenn.edu#01 I: Created a temporary file: "/var/folders/l3/z45trqb550509wh51ydxj61h0000gn/T/ounit-180bef-modvvlan503.0282.wlan.wireless-greeknet.upenn.edu#01.txt".
2016-07-02T23:25:42+00:00 modvvlan503.0282.wlan.wireless-greeknet.upenn.edu#01 I: Expected: Ident abc1
2016-07-02T23:25:42+00:00 modvvlan503.0282.wlan.wireless-greeknet.upenn.edu#01 I: Actual: Ident abc1
2016-07-02T23:25:42+00:00 modvvlan503.0282.wlan.wireless-greeknet.upenn.edu#01 I: Test suite:10:ident with trailing num is successful.
2016-07-02T23:25:42+00:00 modvvlan503.0282.wlan.wireless-greeknet.upenn.edu#01 I: Removed a temporary file: "/var/folders/l3/z45trqb550509wh51ydxj61h0000gn/T/ounit-180bef-modvvlan503.0282.wlan.wireless-greeknet.upenn.edu#01.txt".
2016-07-02T23:25:42+00:00 modvvlan503.0282.wlan.wireless-greeknet.upenn.edu#01 I: End test suite:10:ident with trailing num.
2016-07-02T23:25:42+00:00 modvvlan503.0282.wlan.wireless-greeknet.upenn.edu#01 I: Start test suite:13:parse proto no args.
2016-07-02T23:25:42+00:00 modvvlan503.0282.wlan.wireless-greeknet.upenn.edu#01 I: Expected: name: sq, args: 
2016-07-02T23:25:42+00:00 modvvlan503.0282.wlan.wireless-greeknet.upenn.edu#01 I: Actual: name: sq, args: 
2016-07-02T23:25:42+00:00 modvvlan503.0282.wlan.wireless-greeknet.upenn.edu#01 I: Expected: Ident foo
2016-07-02T23:25:42+00:00 modvvlan503.0282.wlan.wireless-greeknet.upenn.edu#01 I: Actual: Ident foo
2016-07-02T23:25:42+00:00 modvvlan503.0282.wlan.wireless-greeknet.upenn.edu#01 I: Test suite:13:parse proto no args is successful.
2016-07-02T23:25:42+00:00 modvvlan503.0282.wlan.wireless-greeknet.upenn.edu#01 I: End test suite:13:parse proto no args.
2016-07-02T23:25:42+00:00 modvvlan503.0282.wlan.wireless-greeknet.upenn.edu#01 I: Start test suite:15:parse proto multi args.
2016-07-02T23:25:42+00:00 modvvlan503.0282.wlan.wireless-greeknet.upenn.edu#01 I: Expected: name: sq, args: a b 
2016-07-02T23:25:42+00:00 modvvlan503.0282.wlan.wireless-greeknet.upenn.edu#01 I: Actual: name: sq, args: a b 
2016-07-02T23:25:42+00:00 modvvlan503.0282.wlan.wireless-greeknet.upenn.edu#01 I: Expected: Ident foo
2016-07-02T23:25:42+00:00 modvvlan503.0282.wlan.wireless-greeknet.upenn.edu#01 I: Actual: Ident foo
2016-07-02T23:25:42+00:00 modvvlan503.0282.wlan.wireless-greeknet.upenn.edu#01 I: Test suite:15:parse proto multi args is successful.
2016-07-02T23:25:42+00:00 modvvlan503.0282.wlan.wireless-greeknet.upenn.edu#01 I: End test suite:15:parse proto multi args.
2016-07-02T23:25:42+00:00 modvvlan503.0282.wlan.wireless-greeknet.upenn.edu#01 I: Start test suite:16:parse func no args.
2016-07-02T23:25:42+00:00 modvvlan503.0282.wlan.wireless-greeknet.upenn.edu#01 I: Expected: def name: foo, args: 
2016-07-02T23:25:42+00:00 modvvlan503.0282.wlan.wireless-greeknet.upenn.edu#01 I: Actual: def name: foo, args: 
2016-07-02T23:25:42+00:00 modvvlan503.0282.wlan.wireless-greeknet.upenn.edu#01 I: Test suite:16:parse func no args is successful.
2016-07-02T23:25:42+00:00 modvvlan503.0282.wlan.wireless-greeknet.upenn.edu#01 I: End test suite:16:parse func no args.
2016-07-02T23:25:42+00:00 modvvlan503.0282.wlan.wireless-greeknet.upenn.edu#01 I: Start test suite:19:parse binary expr single term.
2016-07-02T23:25:42+00:00 modvvlan503.0282.wlan.wireless-greeknet.upenn.edu#01 I: Expected: 1.
2016-07-02T23:25:42+00:00 modvvlan503.0282.wlan.wireless-greeknet.upenn.edu#01 I: Actual: 1.
2016-07-02T23:25:42+00:00 modvvlan503.0282.wlan.wireless-greeknet.upenn.edu#01 I: Expected: Ident ha
2016-07-02T23:25:42+00:00 modvvlan503.0282.wlan.wireless-greeknet.upenn.edu#01 I: Actual: Ident ha
2016-07-02T23:25:42+00:00 modvvlan503.0282.wlan.wireless-greeknet.upenn.edu#01 I: Test suite:19:parse binary expr single term is successful.
2016-07-02T23:25:42+00:00 modvvlan503.0282.wlan.wireless-greeknet.upenn.edu#01 I: End test suite:19:parse binary expr single term.
2016-07-02T23:25:42+00:00 modvvlan503.0282.wlan.wireless-greeknet.upenn.edu#01 I: Start test suite:21:parse binary expr. three terms, increasing precedence.
2016-07-02T23:25:42+00:00 modvvlan503.0282.wlan.wireless-greeknet.upenn.edu#01 I: Expected: (+, a, (*, b, c))
2016-07-02T23:25:42+00:00 modvvlan503.0282.wlan.wireless-greeknet.upenn.edu#01 I: Actual: (+, a, (*, b, c))
2016-07-02T23:25:42+00:00 modvvlan503.0282.wlan.wireless-greeknet.upenn.edu#01 I: Expected: Ident d
2016-07-02T23:25:42+00:00 modvvlan503.0282.wlan.wireless-greeknet.upenn.edu#01 I: Actual: Ident d
2016-07-02T23:25:42+00:00 modvvlan503.0282.wlan.wireless-greeknet.upenn.edu#01 I: Test suite:21:parse binary expr. three terms, increasing precedence is successful.
2016-07-02T23:25:42+00:00 modvvlan503.0282.wlan.wireless-greeknet.upenn.edu#01 I: End test suite:21:parse binary expr. three terms, increasing precedence.
2016-07-02T23:25:42+00:00 modvvlan503.0282.wlan.wireless-greeknet.upenn.edu#01 I: Start test suite:23:parse binary expr. three terms, increasing precedence.
2016-07-02T23:25:42+00:00 modvvlan503.0282.wlan.wireless-greeknet.upenn.edu#01 I: Expected: (+, a, (+, b, c))
2016-07-02T23:25:42+00:00 modvvlan503.0282.wlan.wireless-greeknet.upenn.edu#01 I: Actual: (+, a, (+, b, c))
2016-07-02T23:25:42+00:00 modvvlan503.0282.wlan.wireless-greeknet.upenn.edu#01 I: Expected: Ident d
2016-07-02T23:25:42+00:00 modvvlan503.0282.wlan.wireless-greeknet.upenn.edu#01 I: Actual: Ident d
2016-07-02T23:25:42+00:00 modvvlan503.0282.wlan.wireless-greeknet.upenn.edu#01 I: Test suite:23:parse binary expr. three terms, increasing precedence is successful.
2016-07-02T23:25:42+00:00 modvvlan503.0282.wlan.wireless-greeknet.upenn.edu#01 I: End test suite:23:parse binary expr. three terms, increasing precedence.
2016-07-02T23:25:42+00:00 modvvlan503.0282.wlan.wireless-greeknet.upenn.edu#01 I: Start test suite:25:parse binary expr, low plateau.
2016-07-02T23:25:42+00:00 modvvlan503.0282.wlan.wireless-greeknet.upenn.edu#01 I: Expected: (+, (*, a, b), (+, c, d))
2016-07-02T23:25:42+00:00 modvvlan503.0282.wlan.wireless-greeknet.upenn.edu#01 I: Actual: (+, (*, a, b), (+, c, d))
2016-07-02T23:25:42+00:00 modvvlan503.0282.wlan.wireless-greeknet.upenn.edu#01 I: Expected: Ident foo
2016-07-02T23:25:42+00:00 modvvlan503.0282.wlan.wireless-greeknet.upenn.edu#01 I: Actual: Ident foo
2016-07-02T23:25:42+00:00 modvvlan503.0282.wlan.wireless-greeknet.upenn.edu#01 I: Test suite:25:parse binary expr, low plateau is successful.
2016-07-02T23:25:42+00:00 modvvlan503.0282.wlan.wireless-greeknet.upenn.edu#01 I: End test suite:25:parse binary expr, low plateau.
2016-07-02T23:25:42+00:00 modvvlan503.0282.wlan.wireless-greeknet.upenn.edu#01 I: Start test suite:27:parse binary expr, low peak.
2016-07-02T23:25:42+00:00 modvvlan503.0282.wlan.wireless-greeknet.upenn.edu#01 I: Expected: (+, (*, a, b), (*, c, d))
2016-07-02T23:25:42+00:00 modvvlan503.0282.wlan.wireless-greeknet.upenn.edu#01 I: Actual: (+, (*, a, b), (*, c, d))
2016-07-02T23:25:42+00:00 modvvlan503.0282.wlan.wireless-greeknet.upenn.edu#01 I: Expected: Ident foo
2016-07-02T23:25:42+00:00 modvvlan503.0282.wlan.wireless-greeknet.upenn.edu#01 I: Actual: Ident foo
2016-07-02T23:25:42+00:00 modvvlan503.0282.wlan.wireless-greeknet.upenn.edu#01 I: Test suite:27:parse binary expr, low peak is successful.
2016-07-02T23:25:42+00:00 modvvlan503.0282.wlan.wireless-greeknet.upenn.edu#01 I: End test suite:27:parse binary expr, low peak.
