2016-06-30T03:08:17+00:00 hntvlan569.2225.wlan.wireless-resnet.upenn.edu#01 I: Start test suite:0:empty file test.
2016-06-30T03:08:17+00:00 hntvlan569.2225.wlan.wireless-resnet.upenn.edu#01 I: Created a temporary file: "/var/folders/l3/z45trqb550509wh51ydxj61h0000gn/T/ounit-11c7fd-hntvlan569.2225.wlan.wireless-resnet.upenn.edu#01.txt".
2016-06-30T03:08:17+00:00 hntvlan569.2225.wlan.wireless-resnet.upenn.edu#01 I: Expected: 
2016-06-30T03:08:17+00:00 hntvlan569.2225.wlan.wireless-resnet.upenn.edu#01 I: Actual: 
2016-06-30T03:08:17+00:00 hntvlan569.2225.wlan.wireless-resnet.upenn.edu#01 I: Test suite:0:empty file test is successful.
2016-06-30T03:08:17+00:00 hntvlan569.2225.wlan.wireless-resnet.upenn.edu#01 I: Removed a temporary file: "/var/folders/l3/z45trqb550509wh51ydxj61h0000gn/T/ounit-11c7fd-hntvlan569.2225.wlan.wireless-resnet.upenn.edu#01.txt".
2016-06-30T03:08:17+00:00 hntvlan569.2225.wlan.wireless-resnet.upenn.edu#01 I: End test suite:0:empty file test.
2016-06-30T03:08:17+00:00 hntvlan569.2225.wlan.wireless-resnet.upenn.edu#01 I: Start test suite:2:single def test.
2016-06-30T03:08:17+00:00 hntvlan569.2225.wlan.wireless-resnet.upenn.edu#01 I: Created a temporary file: "/var/folders/l3/z45trqb550509wh51ydxj61h0000gn/T/ounit-4ae191-hntvlan569.2225.wlan.wireless-resnet.upenn.edu#01.txt".
2016-06-30T03:08:17+00:00 hntvlan569.2225.wlan.wireless-resnet.upenn.edu#01 I: Expected: def
2016-06-30T03:08:17+00:00 hntvlan569.2225.wlan.wireless-resnet.upenn.edu#01 I: Actual: def
2016-06-30T03:08:17+00:00 hntvlan569.2225.wlan.wireless-resnet.upenn.edu#01 I: Test suite:2:single def test is successful.
2016-06-30T03:08:17+00:00 hntvlan569.2225.wlan.wireless-resnet.upenn.edu#01 I: Removed a temporary file: "/var/folders/l3/z45trqb550509wh51ydxj61h0000gn/T/ounit-4ae191-hntvlan569.2225.wlan.wireless-resnet.upenn.edu#01.txt".
2016-06-30T03:08:17+00:00 hntvlan569.2225.wlan.wireless-resnet.upenn.edu#01 I: End test suite:2:single def test.
2016-06-30T03:08:17+00:00 hntvlan569.2225.wlan.wireless-resnet.upenn.edu#01 I: Start test suite:4:single ident test.
2016-06-30T03:08:17+00:00 hntvlan569.2225.wlan.wireless-resnet.upenn.edu#01 I: Created a temporary file: "/var/folders/l3/z45trqb550509wh51ydxj61h0000gn/T/ounit-1ee0dd-hntvlan569.2225.wlan.wireless-resnet.upenn.edu#01.txt".
2016-06-30T03:08:17+00:00 hntvlan569.2225.wlan.wireless-resnet.upenn.edu#01 I: Expected: Ident foo
2016-06-30T03:08:17+00:00 hntvlan569.2225.wlan.wireless-resnet.upenn.edu#01 I: Actual: Ident foo
2016-06-30T03:08:17+00:00 hntvlan569.2225.wlan.wireless-resnet.upenn.edu#01 I: Test suite:4:single ident test is successful.
2016-06-30T03:08:17+00:00 hntvlan569.2225.wlan.wireless-resnet.upenn.edu#01 I: Removed a temporary file: "/var/folders/l3/z45trqb550509wh51ydxj61h0000gn/T/ounit-1ee0dd-hntvlan569.2225.wlan.wireless-resnet.upenn.edu#01.txt".
2016-06-30T03:08:17+00:00 hntvlan569.2225.wlan.wireless-resnet.upenn.edu#01 I: End test suite:4:single ident test.
2016-06-30T03:08:17+00:00 hntvlan569.2225.wlan.wireless-resnet.upenn.edu#01 I: Start test suite:6:ignore comment line.
2016-06-30T03:08:17+00:00 hntvlan569.2225.wlan.wireless-resnet.upenn.edu#01 I: Created a temporary file: "/var/folders/l3/z45trqb550509wh51ydxj61h0000gn/T/ounit-33c047-hntvlan569.2225.wlan.wireless-resnet.upenn.edu#01.txt".
2016-06-30T03:08:17+00:00 hntvlan569.2225.wlan.wireless-resnet.upenn.edu#01 I: Expected: def
2016-06-30T03:08:17+00:00 hntvlan569.2225.wlan.wireless-resnet.upenn.edu#01 I: Actual: def
2016-06-30T03:08:17+00:00 hntvlan569.2225.wlan.wireless-resnet.upenn.edu#01 I: Test suite:6:ignore comment line is successful.
2016-06-30T03:08:17+00:00 hntvlan569.2225.wlan.wireless-resnet.upenn.edu#01 I: Removed a temporary file: "/var/folders/l3/z45trqb550509wh51ydxj61h0000gn/T/ounit-33c047-hntvlan569.2225.wlan.wireless-resnet.upenn.edu#01.txt".
2016-06-30T03:08:17+00:00 hntvlan569.2225.wlan.wireless-resnet.upenn.edu#01 I: End test suite:6:ignore comment line.
2016-06-30T03:08:17+00:00 hntvlan569.2225.wlan.wireless-resnet.upenn.edu#01 I: Start test suite:8:ident in parens.
2016-06-30T03:08:17+00:00 hntvlan569.2225.wlan.wireless-resnet.upenn.edu#01 I: Created a temporary file: "/var/folders/l3/z45trqb550509wh51ydxj61h0000gn/T/ounit-d385a6-hntvlan569.2225.wlan.wireless-resnet.upenn.edu#01.txt".
2016-06-30T03:08:17+00:00 hntvlan569.2225.wlan.wireless-resnet.upenn.edu#01 I: Expected: Other token (Ident fooOther token )
2016-06-30T03:08:17+00:00 hntvlan569.2225.wlan.wireless-resnet.upenn.edu#01 I: Actual: Other token (Ident fooOther token )
2016-06-30T03:08:17+00:00 hntvlan569.2225.wlan.wireless-resnet.upenn.edu#01 I: Test suite:8:ident in parens is successful.
2016-06-30T03:08:17+00:00 hntvlan569.2225.wlan.wireless-resnet.upenn.edu#01 I: Removed a temporary file: "/var/folders/l3/z45trqb550509wh51ydxj61h0000gn/T/ounit-d385a6-hntvlan569.2225.wlan.wireless-resnet.upenn.edu#01.txt".
2016-06-30T03:08:17+00:00 hntvlan569.2225.wlan.wireless-resnet.upenn.edu#01 I: End test suite:8:ident in parens.
2016-06-30T03:08:17+00:00 hntvlan569.2225.wlan.wireless-resnet.upenn.edu#01 I: Start test suite:10:ident with trailing num.
2016-06-30T03:08:17+00:00 hntvlan569.2225.wlan.wireless-resnet.upenn.edu#01 I: Created a temporary file: "/var/folders/l3/z45trqb550509wh51ydxj61h0000gn/T/ounit-d0a192-hntvlan569.2225.wlan.wireless-resnet.upenn.edu#01.txt".
2016-06-30T03:08:17+00:00 hntvlan569.2225.wlan.wireless-resnet.upenn.edu#01 I: Expected: Ident abc1
2016-06-30T03:08:17+00:00 hntvlan569.2225.wlan.wireless-resnet.upenn.edu#01 I: Actual: Ident abc1
2016-06-30T03:08:17+00:00 hntvlan569.2225.wlan.wireless-resnet.upenn.edu#01 I: Test suite:10:ident with trailing num is successful.
2016-06-30T03:08:17+00:00 hntvlan569.2225.wlan.wireless-resnet.upenn.edu#01 I: Removed a temporary file: "/var/folders/l3/z45trqb550509wh51ydxj61h0000gn/T/ounit-d0a192-hntvlan569.2225.wlan.wireless-resnet.upenn.edu#01.txt".
2016-06-30T03:08:17+00:00 hntvlan569.2225.wlan.wireless-resnet.upenn.edu#01 I: End test suite:10:ident with trailing num.
2016-06-30T03:08:17+00:00 hntvlan569.2225.wlan.wireless-resnet.upenn.edu#01 I: Start test suite:12:test string of proto helper.
2016-06-30T03:08:17+00:00 hntvlan569.2225.wlan.wireless-resnet.upenn.edu#01 I: Expected: name: foo, args: a b 
2016-06-30T03:08:17+00:00 hntvlan569.2225.wlan.wireless-resnet.upenn.edu#01 I: Actual: name: foo, args: a b 
2016-06-30T03:08:17+00:00 hntvlan569.2225.wlan.wireless-resnet.upenn.edu#01 I: Test suite:12:test string of proto helper is successful.
2016-06-30T03:08:17+00:00 hntvlan569.2225.wlan.wireless-resnet.upenn.edu#01 I: End test suite:12:test string of proto helper.
2016-06-30T03:08:17+00:00 hntvlan569.2225.wlan.wireless-resnet.upenn.edu#01 I: Start test suite:14:parse proto one arg.
2016-06-30T03:08:17+00:00 hntvlan569.2225.wlan.wireless-resnet.upenn.edu#01 I: Expected: name: sq, args: my_var 
2016-06-30T03:08:17+00:00 hntvlan569.2225.wlan.wireless-resnet.upenn.edu#01 I: Actual: name: sq, args: my_var 
2016-06-30T03:08:17+00:00 hntvlan569.2225.wlan.wireless-resnet.upenn.edu#01 I: Expected: Ident foo
2016-06-30T03:08:17+00:00 hntvlan569.2225.wlan.wireless-resnet.upenn.edu#01 I: Actual: Ident foo
2016-06-30T03:08:17+00:00 hntvlan569.2225.wlan.wireless-resnet.upenn.edu#01 I: Test suite:14:parse proto one arg is successful.
2016-06-30T03:08:17+00:00 hntvlan569.2225.wlan.wireless-resnet.upenn.edu#01 I: End test suite:14:parse proto one arg.
2016-06-30T03:08:17+00:00 hntvlan569.2225.wlan.wireless-resnet.upenn.edu#01 I: Start test suite:16:parse func no args.
2016-06-30T03:08:17+00:00 hntvlan569.2225.wlan.wireless-resnet.upenn.edu#01 I: Expected: def name: foo, args: 
2016-06-30T03:08:17+00:00 hntvlan569.2225.wlan.wireless-resnet.upenn.edu#01 I: Actual: def name: foo, args: 
2016-06-30T03:08:17+00:00 hntvlan569.2225.wlan.wireless-resnet.upenn.edu#01 I: Test suite:16:parse func no args is successful.
2016-06-30T03:08:17+00:00 hntvlan569.2225.wlan.wireless-resnet.upenn.edu#01 I: End test suite:16:parse func no args.
