2016-06-17T01:58:49+00:00 hntvlan569.3678.wlan.wireless-resnet.upenn.edu#02 I: Start test suite:1:single num test.
2016-06-17T01:58:49+00:00 hntvlan569.3678.wlan.wireless-resnet.upenn.edu#02 I: Created a temporary file: "/var/folders/l3/z45trqb550509wh51ydxj61h0000gn/T/ounit-e2db07-hntvlan569.3678.wlan.wireless-resnet.upenn.edu#02.txt".
2016-06-17T01:58:49+00:00 hntvlan569.3678.wlan.wireless-resnet.upenn.edu#02 I: Expected: Number 3.4
2016-06-17T01:58:49+00:00 hntvlan569.3678.wlan.wireless-resnet.upenn.edu#02 I: Actual: Number 3.4
2016-06-17T01:58:49+00:00 hntvlan569.3678.wlan.wireless-resnet.upenn.edu#02 I: Test suite:1:single num test is successful.
2016-06-17T01:58:49+00:00 hntvlan569.3678.wlan.wireless-resnet.upenn.edu#02 I: Removed a temporary file: "/var/folders/l3/z45trqb550509wh51ydxj61h0000gn/T/ounit-e2db07-hntvlan569.3678.wlan.wireless-resnet.upenn.edu#02.txt".
2016-06-17T01:58:49+00:00 hntvlan569.3678.wlan.wireless-resnet.upenn.edu#02 I: End test suite:1:single num test.
2016-06-17T01:58:49+00:00 hntvlan569.3678.wlan.wireless-resnet.upenn.edu#02 I: Start test suite:3:single extern test.
2016-06-17T01:58:49+00:00 hntvlan569.3678.wlan.wireless-resnet.upenn.edu#02 I: Created a temporary file: "/var/folders/l3/z45trqb550509wh51ydxj61h0000gn/T/ounit-2bc2d0-hntvlan569.3678.wlan.wireless-resnet.upenn.edu#02.txt".
2016-06-17T01:58:49+00:00 hntvlan569.3678.wlan.wireless-resnet.upenn.edu#02 I: Expected: extern
2016-06-17T01:58:49+00:00 hntvlan569.3678.wlan.wireless-resnet.upenn.edu#02 I: Actual: extern
2016-06-17T01:58:49+00:00 hntvlan569.3678.wlan.wireless-resnet.upenn.edu#02 I: Test suite:3:single extern test is successful.
2016-06-17T01:58:49+00:00 hntvlan569.3678.wlan.wireless-resnet.upenn.edu#02 I: Removed a temporary file: "/var/folders/l3/z45trqb550509wh51ydxj61h0000gn/T/ounit-2bc2d0-hntvlan569.3678.wlan.wireless-resnet.upenn.edu#02.txt".
2016-06-17T01:58:49+00:00 hntvlan569.3678.wlan.wireless-resnet.upenn.edu#02 I: End test suite:3:single extern test.
2016-06-17T01:58:49+00:00 hntvlan569.3678.wlan.wireless-resnet.upenn.edu#02 I: Start test suite:5:single keyword test.
2016-06-17T01:58:49+00:00 hntvlan569.3678.wlan.wireless-resnet.upenn.edu#02 I: Created a temporary file: "/var/folders/l3/z45trqb550509wh51ydxj61h0000gn/T/ounit-2f37e0-hntvlan569.3678.wlan.wireless-resnet.upenn.edu#02.txt".
2016-06-17T01:58:49+00:00 hntvlan569.3678.wlan.wireless-resnet.upenn.edu#02 I: Expected: Other token (
2016-06-17T01:58:49+00:00 hntvlan569.3678.wlan.wireless-resnet.upenn.edu#02 I: Actual: Other token (
2016-06-17T01:58:49+00:00 hntvlan569.3678.wlan.wireless-resnet.upenn.edu#02 I: Test suite:5:single keyword test is successful.
2016-06-17T01:58:49+00:00 hntvlan569.3678.wlan.wireless-resnet.upenn.edu#02 I: Removed a temporary file: "/var/folders/l3/z45trqb550509wh51ydxj61h0000gn/T/ounit-2f37e0-hntvlan569.3678.wlan.wireless-resnet.upenn.edu#02.txt".
2016-06-17T01:58:49+00:00 hntvlan569.3678.wlan.wireless-resnet.upenn.edu#02 I: End test suite:5:single keyword test.
2016-06-17T01:58:49+00:00 hntvlan569.3678.wlan.wireless-resnet.upenn.edu#02 I: Start test suite:7:num ending in zero.
2016-06-17T01:58:49+00:00 hntvlan569.3678.wlan.wireless-resnet.upenn.edu#02 I: Created a temporary file: "/var/folders/l3/z45trqb550509wh51ydxj61h0000gn/T/ounit-6bd1f4-hntvlan569.3678.wlan.wireless-resnet.upenn.edu#02.txt".
2016-06-17T01:58:49+00:00 hntvlan569.3678.wlan.wireless-resnet.upenn.edu#02 I: Expected: Number 3.
2016-06-17T01:58:49+00:00 hntvlan569.3678.wlan.wireless-resnet.upenn.edu#02 I: Actual: Number 3.
2016-06-17T01:58:49+00:00 hntvlan569.3678.wlan.wireless-resnet.upenn.edu#02 I: Test suite:7:num ending in zero is successful.
2016-06-17T01:58:49+00:00 hntvlan569.3678.wlan.wireless-resnet.upenn.edu#02 I: Removed a temporary file: "/var/folders/l3/z45trqb550509wh51ydxj61h0000gn/T/ounit-6bd1f4-hntvlan569.3678.wlan.wireless-resnet.upenn.edu#02.txt".
2016-06-17T01:58:49+00:00 hntvlan569.3678.wlan.wireless-resnet.upenn.edu#02 I: End test suite:7:num ending in zero.
2016-06-17T01:58:49+00:00 hntvlan569.3678.wlan.wireless-resnet.upenn.edu#02 I: Start test suite:8:ident in parens.
2016-06-17T01:58:49+00:00 hntvlan569.3678.wlan.wireless-resnet.upenn.edu#02 I: Created a temporary file: "/var/folders/l3/z45trqb550509wh51ydxj61h0000gn/T/ounit-59b6e1-hntvlan569.3678.wlan.wireless-resnet.upenn.edu#02.txt".
2016-06-17T01:58:49+00:00 hntvlan569.3678.wlan.wireless-resnet.upenn.edu#02 I: Expected: Other token (Ident fooOther token )
2016-06-17T01:58:49+00:00 hntvlan569.3678.wlan.wireless-resnet.upenn.edu#02 I: Actual: Other token (Ident fooOther token )
2016-06-17T01:58:49+00:00 hntvlan569.3678.wlan.wireless-resnet.upenn.edu#02 I: Test suite:8:ident in parens is successful.
2016-06-17T01:58:49+00:00 hntvlan569.3678.wlan.wireless-resnet.upenn.edu#02 I: Removed a temporary file: "/var/folders/l3/z45trqb550509wh51ydxj61h0000gn/T/ounit-59b6e1-hntvlan569.3678.wlan.wireless-resnet.upenn.edu#02.txt".
2016-06-17T01:58:49+00:00 hntvlan569.3678.wlan.wireless-resnet.upenn.edu#02 I: End test suite:8:ident in parens.
2016-06-17T01:58:49+00:00 hntvlan569.3678.wlan.wireless-resnet.upenn.edu#02 I: Start test suite:11:ident with leading num.
2016-06-17T01:58:49+00:00 hntvlan569.3678.wlan.wireless-resnet.upenn.edu#02 I: Created a temporary file: "/var/folders/l3/z45trqb550509wh51ydxj61h0000gn/T/ounit-85bdad-hntvlan569.3678.wlan.wireless-resnet.upenn.edu#02.txt".
2016-06-17T01:58:49+00:00 hntvlan569.3678.wlan.wireless-resnet.upenn.edu#02 I: Expected: Number 2.Ident chainz
2016-06-17T01:58:49+00:00 hntvlan569.3678.wlan.wireless-resnet.upenn.edu#02 I: Actual: Number 2.Ident chainz
2016-06-17T01:58:49+00:00 hntvlan569.3678.wlan.wireless-resnet.upenn.edu#02 I: Test suite:11:ident with leading num is successful.
2016-06-17T01:58:49+00:00 hntvlan569.3678.wlan.wireless-resnet.upenn.edu#02 I: Removed a temporary file: "/var/folders/l3/z45trqb550509wh51ydxj61h0000gn/T/ounit-85bdad-hntvlan569.3678.wlan.wireless-resnet.upenn.edu#02.txt".
2016-06-17T01:58:49+00:00 hntvlan569.3678.wlan.wireless-resnet.upenn.edu#02 I: End test suite:11:ident with leading num.
