2016-07-03T03:28:23+00:00 hntvlan569.0476.wlan.wireless-resnet.upenn.edu#02 I: Start test suite:1:single num test.
2016-07-03T03:28:23+00:00 hntvlan569.0476.wlan.wireless-resnet.upenn.edu#02 I: Created a temporary file: "/var/folders/l3/z45trqb550509wh51ydxj61h0000gn/T/ounit-c56a83-hntvlan569.0476.wlan.wireless-resnet.upenn.edu#02.txt".
2016-07-03T03:28:23+00:00 hntvlan569.0476.wlan.wireless-resnet.upenn.edu#02 I: Expected:  Number 3.4
2016-07-03T03:28:23+00:00 hntvlan569.0476.wlan.wireless-resnet.upenn.edu#02 I: Actual:  Number 3.4
2016-07-03T03:28:23+00:00 hntvlan569.0476.wlan.wireless-resnet.upenn.edu#02 I: Test suite:1:single num test is successful.
2016-07-03T03:28:23+00:00 hntvlan569.0476.wlan.wireless-resnet.upenn.edu#02 I: Removed a temporary file: "/var/folders/l3/z45trqb550509wh51ydxj61h0000gn/T/ounit-c56a83-hntvlan569.0476.wlan.wireless-resnet.upenn.edu#02.txt".
2016-07-03T03:28:23+00:00 hntvlan569.0476.wlan.wireless-resnet.upenn.edu#02 I: End test suite:1:single num test.
2016-07-03T03:28:23+00:00 hntvlan569.0476.wlan.wireless-resnet.upenn.edu#02 I: Start test suite:3:single extern test.
2016-07-03T03:28:23+00:00 hntvlan569.0476.wlan.wireless-resnet.upenn.edu#02 I: Created a temporary file: "/var/folders/l3/z45trqb550509wh51ydxj61h0000gn/T/ounit-098e24-hntvlan569.0476.wlan.wireless-resnet.upenn.edu#02.txt".
2016-07-03T03:28:23+00:00 hntvlan569.0476.wlan.wireless-resnet.upenn.edu#02 I: Expected:  extern
2016-07-03T03:28:23+00:00 hntvlan569.0476.wlan.wireless-resnet.upenn.edu#02 I: Actual:  extern
2016-07-03T03:28:23+00:00 hntvlan569.0476.wlan.wireless-resnet.upenn.edu#02 I: Test suite:3:single extern test is successful.
2016-07-03T03:28:23+00:00 hntvlan569.0476.wlan.wireless-resnet.upenn.edu#02 I: Removed a temporary file: "/var/folders/l3/z45trqb550509wh51ydxj61h0000gn/T/ounit-098e24-hntvlan569.0476.wlan.wireless-resnet.upenn.edu#02.txt".
2016-07-03T03:28:23+00:00 hntvlan569.0476.wlan.wireless-resnet.upenn.edu#02 I: End test suite:3:single extern test.
2016-07-03T03:28:23+00:00 hntvlan569.0476.wlan.wireless-resnet.upenn.edu#02 I: Start test suite:5:single keyword test.
2016-07-03T03:28:23+00:00 hntvlan569.0476.wlan.wireless-resnet.upenn.edu#02 I: Created a temporary file: "/var/folders/l3/z45trqb550509wh51ydxj61h0000gn/T/ounit-347066-hntvlan569.0476.wlan.wireless-resnet.upenn.edu#02.txt".
2016-07-03T03:28:23+00:00 hntvlan569.0476.wlan.wireless-resnet.upenn.edu#02 I: Expected:  Other token (
2016-07-03T03:28:23+00:00 hntvlan569.0476.wlan.wireless-resnet.upenn.edu#02 I: Actual:  Other token (
2016-07-03T03:28:23+00:00 hntvlan569.0476.wlan.wireless-resnet.upenn.edu#02 I: Test suite:5:single keyword test is successful.
2016-07-03T03:28:23+00:00 hntvlan569.0476.wlan.wireless-resnet.upenn.edu#02 I: Removed a temporary file: "/var/folders/l3/z45trqb550509wh51ydxj61h0000gn/T/ounit-347066-hntvlan569.0476.wlan.wireless-resnet.upenn.edu#02.txt".
2016-07-03T03:28:23+00:00 hntvlan569.0476.wlan.wireless-resnet.upenn.edu#02 I: End test suite:5:single keyword test.
2016-07-03T03:28:23+00:00 hntvlan569.0476.wlan.wireless-resnet.upenn.edu#02 I: Start test suite:6:ignore comment line.
2016-07-03T03:28:23+00:00 hntvlan569.0476.wlan.wireless-resnet.upenn.edu#02 I: Created a temporary file: "/var/folders/l3/z45trqb550509wh51ydxj61h0000gn/T/ounit-692918-hntvlan569.0476.wlan.wireless-resnet.upenn.edu#02.txt".
2016-07-03T03:28:23+00:00 hntvlan569.0476.wlan.wireless-resnet.upenn.edu#02 I: Expected:  def
2016-07-03T03:28:23+00:00 hntvlan569.0476.wlan.wireless-resnet.upenn.edu#02 I: Actual:  def
2016-07-03T03:28:23+00:00 hntvlan569.0476.wlan.wireless-resnet.upenn.edu#02 I: Test suite:6:ignore comment line is successful.
2016-07-03T03:28:23+00:00 hntvlan569.0476.wlan.wireless-resnet.upenn.edu#02 I: Removed a temporary file: "/var/folders/l3/z45trqb550509wh51ydxj61h0000gn/T/ounit-692918-hntvlan569.0476.wlan.wireless-resnet.upenn.edu#02.txt".
2016-07-03T03:28:23+00:00 hntvlan569.0476.wlan.wireless-resnet.upenn.edu#02 I: End test suite:6:ignore comment line.
2016-07-03T03:28:23+00:00 hntvlan569.0476.wlan.wireless-resnet.upenn.edu#02 I: Start test suite:9:number in parens.
2016-07-03T03:28:23+00:00 hntvlan569.0476.wlan.wireless-resnet.upenn.edu#02 I: Created a temporary file: "/var/folders/l3/z45trqb550509wh51ydxj61h0000gn/T/ounit-7d4dac-hntvlan569.0476.wlan.wireless-resnet.upenn.edu#02.txt".
2016-07-03T03:28:23+00:00 hntvlan569.0476.wlan.wireless-resnet.upenn.edu#02 I: Expected:  Other token ( Number 2. Other token )
2016-07-03T03:28:23+00:00 hntvlan569.0476.wlan.wireless-resnet.upenn.edu#02 I: Actual:  Other token ( Number 2. Other token )
2016-07-03T03:28:23+00:00 hntvlan569.0476.wlan.wireless-resnet.upenn.edu#02 I: Test suite:9:number in parens is successful.
2016-07-03T03:28:23+00:00 hntvlan569.0476.wlan.wireless-resnet.upenn.edu#02 I: Removed a temporary file: "/var/folders/l3/z45trqb550509wh51ydxj61h0000gn/T/ounit-7d4dac-hntvlan569.0476.wlan.wireless-resnet.upenn.edu#02.txt".
2016-07-03T03:28:23+00:00 hntvlan569.0476.wlan.wireless-resnet.upenn.edu#02 I: End test suite:9:number in parens.
2016-07-03T03:28:23+00:00 hntvlan569.0476.wlan.wireless-resnet.upenn.edu#02 I: Start test suite:10:ident with trailing num.
2016-07-03T03:28:23+00:00 hntvlan569.0476.wlan.wireless-resnet.upenn.edu#02 I: Created a temporary file: "/var/folders/l3/z45trqb550509wh51ydxj61h0000gn/T/ounit-52dbbe-hntvlan569.0476.wlan.wireless-resnet.upenn.edu#02.txt".
2016-07-03T03:28:23+00:00 hntvlan569.0476.wlan.wireless-resnet.upenn.edu#02 I: Expected:  Ident abc1
2016-07-03T03:28:23+00:00 hntvlan569.0476.wlan.wireless-resnet.upenn.edu#02 I: Actual:  Ident abc1
2016-07-03T03:28:23+00:00 hntvlan569.0476.wlan.wireless-resnet.upenn.edu#02 I: Test suite:10:ident with trailing num is successful.
2016-07-03T03:28:23+00:00 hntvlan569.0476.wlan.wireless-resnet.upenn.edu#02 I: Removed a temporary file: "/var/folders/l3/z45trqb550509wh51ydxj61h0000gn/T/ounit-52dbbe-hntvlan569.0476.wlan.wireless-resnet.upenn.edu#02.txt".
2016-07-03T03:28:23+00:00 hntvlan569.0476.wlan.wireless-resnet.upenn.edu#02 I: End test suite:10:ident with trailing num.
2016-07-03T03:28:23+00:00 hntvlan569.0476.wlan.wireless-resnet.upenn.edu#02 I: Start test suite:12:function def no spaces until parens.
2016-07-03T03:28:23+00:00 hntvlan569.0476.wlan.wireless-resnet.upenn.edu#02 I: Created a temporary file: "/var/folders/l3/z45trqb550509wh51ydxj61h0000gn/T/ounit-b5fc38-hntvlan569.0476.wlan.wireless-resnet.upenn.edu#02.txt".
2016-07-03T03:28:23+00:00 hntvlan569.0476.wlan.wireless-resnet.upenn.edu#02 I: Expected:  def Ident foo Other token ( Other token )
2016-07-03T03:28:23+00:00 hntvlan569.0476.wlan.wireless-resnet.upenn.edu#02 I: Actual:  def Ident foo Other token ( Other token )
2016-07-03T03:28:23+00:00 hntvlan569.0476.wlan.wireless-resnet.upenn.edu#02 I: Test suite:12:function def no spaces until parens is successful.
2016-07-03T03:28:23+00:00 hntvlan569.0476.wlan.wireless-resnet.upenn.edu#02 I: Removed a temporary file: "/var/folders/l3/z45trqb550509wh51ydxj61h0000gn/T/ounit-b5fc38-hntvlan569.0476.wlan.wireless-resnet.upenn.edu#02.txt".
2016-07-03T03:28:23+00:00 hntvlan569.0476.wlan.wireless-resnet.upenn.edu#02 I: End test suite:12:function def no spaces until parens.
2016-07-03T03:28:23+00:00 hntvlan569.0476.wlan.wireless-resnet.upenn.edu#02 I: Start test suite:14:parse proto one arg.
2016-07-03T03:28:23+00:00 hntvlan569.0476.wlan.wireless-resnet.upenn.edu#02 I: Expected: sq my_var 
2016-07-03T03:28:23+00:00 hntvlan569.0476.wlan.wireless-resnet.upenn.edu#02 I: Actual: sq my_var 
2016-07-03T03:28:23+00:00 hntvlan569.0476.wlan.wireless-resnet.upenn.edu#02 I: Expected:  Ident foo
2016-07-03T03:28:23+00:00 hntvlan569.0476.wlan.wireless-resnet.upenn.edu#02 I: Actual:  Ident foo
2016-07-03T03:28:23+00:00 hntvlan569.0476.wlan.wireless-resnet.upenn.edu#02 I: Test suite:14:parse proto one arg is successful.
2016-07-03T03:28:23+00:00 hntvlan569.0476.wlan.wireless-resnet.upenn.edu#02 I: End test suite:14:parse proto one arg.
2016-07-03T03:28:23+00:00 hntvlan569.0476.wlan.wireless-resnet.upenn.edu#02 I: Start test suite:16:parse func no args.
2016-07-03T03:28:23+00:00 hntvlan569.0476.wlan.wireless-resnet.upenn.edu#02 I: Expected: def foo  -> 1.
2016-07-03T03:28:23+00:00 hntvlan569.0476.wlan.wireless-resnet.upenn.edu#02 I: Actual: def foo  -> 1.
2016-07-03T03:28:23+00:00 hntvlan569.0476.wlan.wireless-resnet.upenn.edu#02 I: Test suite:16:parse func no args is successful.
2016-07-03T03:28:23+00:00 hntvlan569.0476.wlan.wireless-resnet.upenn.edu#02 I: End test suite:16:parse func no args.
2016-07-03T03:28:23+00:00 hntvlan569.0476.wlan.wireless-resnet.upenn.edu#02 I: Start test suite:18:parse call two args.
2016-07-03T03:28:23+00:00 hntvlan569.0476.wlan.wireless-resnet.upenn.edu#02 I: Expected: Call one with 2.1.
2016-07-03T03:28:23+00:00 hntvlan569.0476.wlan.wireless-resnet.upenn.edu#02 I: Actual: Call one with 2.1.
2016-07-03T03:28:23+00:00 hntvlan569.0476.wlan.wireless-resnet.upenn.edu#02 I: Test suite:18:parse call two args is successful.
2016-07-03T03:28:23+00:00 hntvlan569.0476.wlan.wireless-resnet.upenn.edu#02 I: End test suite:18:parse call two args.
2016-07-03T03:28:23+00:00 hntvlan569.0476.wlan.wireless-resnet.upenn.edu#02 I: Start test suite:20:parse binary expr two terms.
2016-07-03T03:28:23+00:00 hntvlan569.0476.wlan.wireless-resnet.upenn.edu#02 I: Expected: (+, a, b)
2016-07-03T03:28:23+00:00 hntvlan569.0476.wlan.wireless-resnet.upenn.edu#02 I: Actual: (+, a, b)
2016-07-03T03:28:23+00:00 hntvlan569.0476.wlan.wireless-resnet.upenn.edu#02 I: Expected:  Ident c
2016-07-03T03:28:23+00:00 hntvlan569.0476.wlan.wireless-resnet.upenn.edu#02 I: Actual:  Ident c
2016-07-03T03:28:23+00:00 hntvlan569.0476.wlan.wireless-resnet.upenn.edu#02 I: Test suite:20:parse binary expr two terms is successful.
2016-07-03T03:28:23+00:00 hntvlan569.0476.wlan.wireless-resnet.upenn.edu#02 I: End test suite:20:parse binary expr two terms.
2016-07-03T03:28:23+00:00 hntvlan569.0476.wlan.wireless-resnet.upenn.edu#02 I: Start test suite:22:parse binary expr. three terms, decreasing precedence.
2016-07-03T03:28:23+00:00 hntvlan569.0476.wlan.wireless-resnet.upenn.edu#02 I: Expected: (+, (*, a, b), c)
2016-07-03T03:28:23+00:00 hntvlan569.0476.wlan.wireless-resnet.upenn.edu#02 I: Actual: (+, (*, a, b), c)
2016-07-03T03:28:23+00:00 hntvlan569.0476.wlan.wireless-resnet.upenn.edu#02 I: Expected:  Ident d
2016-07-03T03:28:23+00:00 hntvlan569.0476.wlan.wireless-resnet.upenn.edu#02 I: Actual:  Ident d
2016-07-03T03:28:23+00:00 hntvlan569.0476.wlan.wireless-resnet.upenn.edu#02 I: Test suite:22:parse binary expr. three terms, decreasing precedence is successful.
2016-07-03T03:28:23+00:00 hntvlan569.0476.wlan.wireless-resnet.upenn.edu#02 I: End test suite:22:parse binary expr. three terms, decreasing precedence.
2016-07-03T03:28:23+00:00 hntvlan569.0476.wlan.wireless-resnet.upenn.edu#02 I: Start test suite:24:parse binary expr, high plateau.
2016-07-03T03:28:23+00:00 hntvlan569.0476.wlan.wireless-resnet.upenn.edu#02 I: Expected: (+, a, (*, b, (*, c, d)))
2016-07-03T03:28:23+00:00 hntvlan569.0476.wlan.wireless-resnet.upenn.edu#02 I: Actual: (+, a, (*, b, (*, c, d)))
2016-07-03T03:28:23+00:00 hntvlan569.0476.wlan.wireless-resnet.upenn.edu#02 I: Expected:  Ident foo
2016-07-03T03:28:23+00:00 hntvlan569.0476.wlan.wireless-resnet.upenn.edu#02 I: Actual:  Ident foo
2016-07-03T03:28:23+00:00 hntvlan569.0476.wlan.wireless-resnet.upenn.edu#02 I: Test suite:24:parse binary expr, high plateau is successful.
2016-07-03T03:28:23+00:00 hntvlan569.0476.wlan.wireless-resnet.upenn.edu#02 I: End test suite:24:parse binary expr, high plateau.
2016-07-03T03:28:23+00:00 hntvlan569.0476.wlan.wireless-resnet.upenn.edu#02 I: Start test suite:26:parse binary expr, high peak.
2016-07-03T03:28:23+00:00 hntvlan569.0476.wlan.wireless-resnet.upenn.edu#02 I: Expected: (+, a, (+, (*, b, c), d))
2016-07-03T03:28:23+00:00 hntvlan569.0476.wlan.wireless-resnet.upenn.edu#02 I: Actual: (+, a, (+, (*, b, c), d))
2016-07-03T03:28:23+00:00 hntvlan569.0476.wlan.wireless-resnet.upenn.edu#02 I: Expected:  Ident foo
2016-07-03T03:28:23+00:00 hntvlan569.0476.wlan.wireless-resnet.upenn.edu#02 I: Actual:  Ident foo
2016-07-03T03:28:23+00:00 hntvlan569.0476.wlan.wireless-resnet.upenn.edu#02 I: Test suite:26:parse binary expr, high peak is successful.
2016-07-03T03:28:23+00:00 hntvlan569.0476.wlan.wireless-resnet.upenn.edu#02 I: End test suite:26:parse binary expr, high peak.
