2016-06-30T03:08:17+00:00 hntvlan569.2225.wlan.wireless-resnet.upenn.edu#02 I: Start test suite:1:single num test.
2016-06-30T03:08:17+00:00 hntvlan569.2225.wlan.wireless-resnet.upenn.edu#02 I: Created a temporary file: "/var/folders/l3/z45trqb550509wh51ydxj61h0000gn/T/ounit-8f0918-hntvlan569.2225.wlan.wireless-resnet.upenn.edu#02.txt".
2016-06-30T03:08:17+00:00 hntvlan569.2225.wlan.wireless-resnet.upenn.edu#02 I: Expected: Number 3.4
2016-06-30T03:08:17+00:00 hntvlan569.2225.wlan.wireless-resnet.upenn.edu#02 I: Actual: Number 3.4
2016-06-30T03:08:17+00:00 hntvlan569.2225.wlan.wireless-resnet.upenn.edu#02 I: Test suite:1:single num test is successful.
2016-06-30T03:08:17+00:00 hntvlan569.2225.wlan.wireless-resnet.upenn.edu#02 I: Removed a temporary file: "/var/folders/l3/z45trqb550509wh51ydxj61h0000gn/T/ounit-8f0918-hntvlan569.2225.wlan.wireless-resnet.upenn.edu#02.txt".
2016-06-30T03:08:17+00:00 hntvlan569.2225.wlan.wireless-resnet.upenn.edu#02 I: End test suite:1:single num test.
2016-06-30T03:08:17+00:00 hntvlan569.2225.wlan.wireless-resnet.upenn.edu#02 I: Start test suite:3:single extern test.
2016-06-30T03:08:17+00:00 hntvlan569.2225.wlan.wireless-resnet.upenn.edu#02 I: Created a temporary file: "/var/folders/l3/z45trqb550509wh51ydxj61h0000gn/T/ounit-aa0e86-hntvlan569.2225.wlan.wireless-resnet.upenn.edu#02.txt".
2016-06-30T03:08:17+00:00 hntvlan569.2225.wlan.wireless-resnet.upenn.edu#02 I: Expected: extern
2016-06-30T03:08:17+00:00 hntvlan569.2225.wlan.wireless-resnet.upenn.edu#02 I: Actual: extern
2016-06-30T03:08:17+00:00 hntvlan569.2225.wlan.wireless-resnet.upenn.edu#02 I: Test suite:3:single extern test is successful.
2016-06-30T03:08:17+00:00 hntvlan569.2225.wlan.wireless-resnet.upenn.edu#02 I: Removed a temporary file: "/var/folders/l3/z45trqb550509wh51ydxj61h0000gn/T/ounit-aa0e86-hntvlan569.2225.wlan.wireless-resnet.upenn.edu#02.txt".
2016-06-30T03:08:17+00:00 hntvlan569.2225.wlan.wireless-resnet.upenn.edu#02 I: End test suite:3:single extern test.
2016-06-30T03:08:17+00:00 hntvlan569.2225.wlan.wireless-resnet.upenn.edu#02 I: Start test suite:5:single keyword test.
2016-06-30T03:08:17+00:00 hntvlan569.2225.wlan.wireless-resnet.upenn.edu#02 I: Created a temporary file: "/var/folders/l3/z45trqb550509wh51ydxj61h0000gn/T/ounit-2644ca-hntvlan569.2225.wlan.wireless-resnet.upenn.edu#02.txt".
2016-06-30T03:08:17+00:00 hntvlan569.2225.wlan.wireless-resnet.upenn.edu#02 I: Expected: Other token (
2016-06-30T03:08:17+00:00 hntvlan569.2225.wlan.wireless-resnet.upenn.edu#02 I: Actual: Other token (
2016-06-30T03:08:17+00:00 hntvlan569.2225.wlan.wireless-resnet.upenn.edu#02 I: Test suite:5:single keyword test is successful.
2016-06-30T03:08:17+00:00 hntvlan569.2225.wlan.wireless-resnet.upenn.edu#02 I: Removed a temporary file: "/var/folders/l3/z45trqb550509wh51ydxj61h0000gn/T/ounit-2644ca-hntvlan569.2225.wlan.wireless-resnet.upenn.edu#02.txt".
2016-06-30T03:08:17+00:00 hntvlan569.2225.wlan.wireless-resnet.upenn.edu#02 I: End test suite:5:single keyword test.
2016-06-30T03:08:17+00:00 hntvlan569.2225.wlan.wireless-resnet.upenn.edu#02 I: Start test suite:7:num ending in zero.
2016-06-30T03:08:17+00:00 hntvlan569.2225.wlan.wireless-resnet.upenn.edu#02 I: Created a temporary file: "/var/folders/l3/z45trqb550509wh51ydxj61h0000gn/T/ounit-1f41e3-hntvlan569.2225.wlan.wireless-resnet.upenn.edu#02.txt".
2016-06-30T03:08:17+00:00 hntvlan569.2225.wlan.wireless-resnet.upenn.edu#02 I: Expected: Number 3.
2016-06-30T03:08:17+00:00 hntvlan569.2225.wlan.wireless-resnet.upenn.edu#02 I: Actual: Number 3.
2016-06-30T03:08:17+00:00 hntvlan569.2225.wlan.wireless-resnet.upenn.edu#02 I: Test suite:7:num ending in zero is successful.
2016-06-30T03:08:17+00:00 hntvlan569.2225.wlan.wireless-resnet.upenn.edu#02 I: Removed a temporary file: "/var/folders/l3/z45trqb550509wh51ydxj61h0000gn/T/ounit-1f41e3-hntvlan569.2225.wlan.wireless-resnet.upenn.edu#02.txt".
2016-06-30T03:08:17+00:00 hntvlan569.2225.wlan.wireless-resnet.upenn.edu#02 I: End test suite:7:num ending in zero.
2016-06-30T03:08:17+00:00 hntvlan569.2225.wlan.wireless-resnet.upenn.edu#02 I: Start test suite:9:number in parens.
2016-06-30T03:08:17+00:00 hntvlan569.2225.wlan.wireless-resnet.upenn.edu#02 I: Created a temporary file: "/var/folders/l3/z45trqb550509wh51ydxj61h0000gn/T/ounit-abea94-hntvlan569.2225.wlan.wireless-resnet.upenn.edu#02.txt".
2016-06-30T03:08:17+00:00 hntvlan569.2225.wlan.wireless-resnet.upenn.edu#02 I: Expected: Other token (Number 2.Other token )
2016-06-30T03:08:17+00:00 hntvlan569.2225.wlan.wireless-resnet.upenn.edu#02 I: Actual: Other token (Number 2.Other token )
2016-06-30T03:08:17+00:00 hntvlan569.2225.wlan.wireless-resnet.upenn.edu#02 I: Test suite:9:number in parens is successful.
2016-06-30T03:08:17+00:00 hntvlan569.2225.wlan.wireless-resnet.upenn.edu#02 I: Removed a temporary file: "/var/folders/l3/z45trqb550509wh51ydxj61h0000gn/T/ounit-abea94-hntvlan569.2225.wlan.wireless-resnet.upenn.edu#02.txt".
2016-06-30T03:08:17+00:00 hntvlan569.2225.wlan.wireless-resnet.upenn.edu#02 I: End test suite:9:number in parens.
2016-06-30T03:08:17+00:00 hntvlan569.2225.wlan.wireless-resnet.upenn.edu#02 I: Start test suite:11:ident with leading num.
2016-06-30T03:08:17+00:00 hntvlan569.2225.wlan.wireless-resnet.upenn.edu#02 I: Created a temporary file: "/var/folders/l3/z45trqb550509wh51ydxj61h0000gn/T/ounit-080f80-hntvlan569.2225.wlan.wireless-resnet.upenn.edu#02.txt".
2016-06-30T03:08:17+00:00 hntvlan569.2225.wlan.wireless-resnet.upenn.edu#02 I: Expected: Number 2.Ident chainz
2016-06-30T03:08:17+00:00 hntvlan569.2225.wlan.wireless-resnet.upenn.edu#02 I: Actual: Number 2.Ident chainz
2016-06-30T03:08:17+00:00 hntvlan569.2225.wlan.wireless-resnet.upenn.edu#02 I: Test suite:11:ident with leading num is successful.
2016-06-30T03:08:17+00:00 hntvlan569.2225.wlan.wireless-resnet.upenn.edu#02 I: Removed a temporary file: "/var/folders/l3/z45trqb550509wh51ydxj61h0000gn/T/ounit-080f80-hntvlan569.2225.wlan.wireless-resnet.upenn.edu#02.txt".
2016-06-30T03:08:17+00:00 hntvlan569.2225.wlan.wireless-resnet.upenn.edu#02 I: End test suite:11:ident with leading num.
2016-06-30T03:08:17+00:00 hntvlan569.2225.wlan.wireless-resnet.upenn.edu#02 I: Start test suite:13:parse proto no args.
2016-06-30T03:08:17+00:00 hntvlan569.2225.wlan.wireless-resnet.upenn.edu#02 I: Expected: name: sq, args: 
2016-06-30T03:08:17+00:00 hntvlan569.2225.wlan.wireless-resnet.upenn.edu#02 I: Actual: name: sq, args: 
2016-06-30T03:08:17+00:00 hntvlan569.2225.wlan.wireless-resnet.upenn.edu#02 I: Expected: Ident foo
2016-06-30T03:08:17+00:00 hntvlan569.2225.wlan.wireless-resnet.upenn.edu#02 I: Actual: Ident foo
2016-06-30T03:08:17+00:00 hntvlan569.2225.wlan.wireless-resnet.upenn.edu#02 I: Test suite:13:parse proto no args is successful.
2016-06-30T03:08:17+00:00 hntvlan569.2225.wlan.wireless-resnet.upenn.edu#02 I: End test suite:13:parse proto no args.
2016-06-30T03:08:17+00:00 hntvlan569.2225.wlan.wireless-resnet.upenn.edu#02 I: Start test suite:15:parse proto multi args.
2016-06-30T03:08:17+00:00 hntvlan569.2225.wlan.wireless-resnet.upenn.edu#02 I: Expected: name: sq, args: a b 
2016-06-30T03:08:17+00:00 hntvlan569.2225.wlan.wireless-resnet.upenn.edu#02 I: Actual: name: sq, args: a b 
2016-06-30T03:08:17+00:00 hntvlan569.2225.wlan.wireless-resnet.upenn.edu#02 I: Expected: Ident foo
2016-06-30T03:08:17+00:00 hntvlan569.2225.wlan.wireless-resnet.upenn.edu#02 I: Actual: Ident foo
2016-06-30T03:08:17+00:00 hntvlan569.2225.wlan.wireless-resnet.upenn.edu#02 I: Test suite:15:parse proto multi args is successful.
2016-06-30T03:08:17+00:00 hntvlan569.2225.wlan.wireless-resnet.upenn.edu#02 I: End test suite:15:parse proto multi args.
2016-06-30T03:08:17+00:00 hntvlan569.2225.wlan.wireless-resnet.upenn.edu#02 I: Start test suite:17:parse call one arg.
2016-06-30T03:08:17+00:00 hntvlan569.2225.wlan.wireless-resnet.upenn.edu#02 I: Expected: Call one with 1.
2016-06-30T03:08:17+00:00 hntvlan569.2225.wlan.wireless-resnet.upenn.edu#02 I: Actual: Call one with 1.
2016-06-30T03:08:17+00:00 hntvlan569.2225.wlan.wireless-resnet.upenn.edu#02 I: Test suite:17:parse call one arg is successful.
2016-06-30T03:08:17+00:00 hntvlan569.2225.wlan.wireless-resnet.upenn.edu#02 I: End test suite:17:parse call one arg.
2016-06-30T03:08:17+00:00 hntvlan569.2225.wlan.wireless-resnet.upenn.edu#02 I: Start test suite:18:parse call two args.
2016-06-30T03:08:17+00:00 hntvlan569.2225.wlan.wireless-resnet.upenn.edu#02 I: Expected: Call one with 2.1.
2016-06-30T03:08:17+00:00 hntvlan569.2225.wlan.wireless-resnet.upenn.edu#02 I: Actual: Call one with 2.1.
2016-06-30T03:08:17+00:00 hntvlan569.2225.wlan.wireless-resnet.upenn.edu#02 I: Test suite:18:parse call two args is successful.
2016-06-30T03:08:17+00:00 hntvlan569.2225.wlan.wireless-resnet.upenn.edu#02 I: End test suite:18:parse call two args.
