2016-06-26T02:05:54+00:00 hntvlan569.0645.wlan.wireless-resnet.upenn.edu#02 I: Start test suite:1:single num test.
2016-06-26T02:05:54+00:00 hntvlan569.0645.wlan.wireless-resnet.upenn.edu#02 I: Created a temporary file: "/var/folders/l3/z45trqb550509wh51ydxj61h0000gn/T/ounit-2cd2de-hntvlan569.0645.wlan.wireless-resnet.upenn.edu#02.txt".
2016-06-26T02:05:54+00:00 hntvlan569.0645.wlan.wireless-resnet.upenn.edu#02 I: Expected: Number 3.4
2016-06-26T02:05:54+00:00 hntvlan569.0645.wlan.wireless-resnet.upenn.edu#02 I: Actual: Number 3.4
2016-06-26T02:05:54+00:00 hntvlan569.0645.wlan.wireless-resnet.upenn.edu#02 I: Test suite:1:single num test is successful.
2016-06-26T02:05:54+00:00 hntvlan569.0645.wlan.wireless-resnet.upenn.edu#02 I: Removed a temporary file: "/var/folders/l3/z45trqb550509wh51ydxj61h0000gn/T/ounit-2cd2de-hntvlan569.0645.wlan.wireless-resnet.upenn.edu#02.txt".
2016-06-26T02:05:54+00:00 hntvlan569.0645.wlan.wireless-resnet.upenn.edu#02 I: End test suite:1:single num test.
2016-06-26T02:05:54+00:00 hntvlan569.0645.wlan.wireless-resnet.upenn.edu#02 I: Start test suite:3:single extern test.
2016-06-26T02:05:54+00:00 hntvlan569.0645.wlan.wireless-resnet.upenn.edu#02 I: Created a temporary file: "/var/folders/l3/z45trqb550509wh51ydxj61h0000gn/T/ounit-6f6a3f-hntvlan569.0645.wlan.wireless-resnet.upenn.edu#02.txt".
2016-06-26T02:05:54+00:00 hntvlan569.0645.wlan.wireless-resnet.upenn.edu#02 I: Expected: extern
2016-06-26T02:05:54+00:00 hntvlan569.0645.wlan.wireless-resnet.upenn.edu#02 I: Actual: extern
2016-06-26T02:05:54+00:00 hntvlan569.0645.wlan.wireless-resnet.upenn.edu#02 I: Test suite:3:single extern test is successful.
2016-06-26T02:05:54+00:00 hntvlan569.0645.wlan.wireless-resnet.upenn.edu#02 I: Removed a temporary file: "/var/folders/l3/z45trqb550509wh51ydxj61h0000gn/T/ounit-6f6a3f-hntvlan569.0645.wlan.wireless-resnet.upenn.edu#02.txt".
2016-06-26T02:05:54+00:00 hntvlan569.0645.wlan.wireless-resnet.upenn.edu#02 I: End test suite:3:single extern test.
2016-06-26T02:05:54+00:00 hntvlan569.0645.wlan.wireless-resnet.upenn.edu#02 I: Start test suite:5:single keyword test.
2016-06-26T02:05:54+00:00 hntvlan569.0645.wlan.wireless-resnet.upenn.edu#02 I: Created a temporary file: "/var/folders/l3/z45trqb550509wh51ydxj61h0000gn/T/ounit-6cf3d3-hntvlan569.0645.wlan.wireless-resnet.upenn.edu#02.txt".
2016-06-26T02:05:54+00:00 hntvlan569.0645.wlan.wireless-resnet.upenn.edu#02 I: Expected: Other token (
2016-06-26T02:05:54+00:00 hntvlan569.0645.wlan.wireless-resnet.upenn.edu#02 I: Actual: Other token (
2016-06-26T02:05:54+00:00 hntvlan569.0645.wlan.wireless-resnet.upenn.edu#02 I: Test suite:5:single keyword test is successful.
2016-06-26T02:05:54+00:00 hntvlan569.0645.wlan.wireless-resnet.upenn.edu#02 I: Removed a temporary file: "/var/folders/l3/z45trqb550509wh51ydxj61h0000gn/T/ounit-6cf3d3-hntvlan569.0645.wlan.wireless-resnet.upenn.edu#02.txt".
2016-06-26T02:05:54+00:00 hntvlan569.0645.wlan.wireless-resnet.upenn.edu#02 I: End test suite:5:single keyword test.
2016-06-26T02:05:54+00:00 hntvlan569.0645.wlan.wireless-resnet.upenn.edu#02 I: Start test suite:8:ident in parens.
2016-06-26T02:05:54+00:00 hntvlan569.0645.wlan.wireless-resnet.upenn.edu#02 I: Created a temporary file: "/var/folders/l3/z45trqb550509wh51ydxj61h0000gn/T/ounit-da6c64-hntvlan569.0645.wlan.wireless-resnet.upenn.edu#02.txt".
2016-06-26T02:05:54+00:00 hntvlan569.0645.wlan.wireless-resnet.upenn.edu#02 I: Expected: Other token (Ident fooOther token )
2016-06-26T02:05:54+00:00 hntvlan569.0645.wlan.wireless-resnet.upenn.edu#02 I: Actual: Other token (Ident fooOther token )
2016-06-26T02:05:54+00:00 hntvlan569.0645.wlan.wireless-resnet.upenn.edu#02 I: Test suite:8:ident in parens is successful.
2016-06-26T02:05:54+00:00 hntvlan569.0645.wlan.wireless-resnet.upenn.edu#02 I: Removed a temporary file: "/var/folders/l3/z45trqb550509wh51ydxj61h0000gn/T/ounit-da6c64-hntvlan569.0645.wlan.wireless-resnet.upenn.edu#02.txt".
2016-06-26T02:05:54+00:00 hntvlan569.0645.wlan.wireless-resnet.upenn.edu#02 I: End test suite:8:ident in parens.
2016-06-26T02:05:54+00:00 hntvlan569.0645.wlan.wireless-resnet.upenn.edu#02 I: Start test suite:10:ident with trailing num.
2016-06-26T02:05:54+00:00 hntvlan569.0645.wlan.wireless-resnet.upenn.edu#02 I: Created a temporary file: "/var/folders/l3/z45trqb550509wh51ydxj61h0000gn/T/ounit-2fbc4c-hntvlan569.0645.wlan.wireless-resnet.upenn.edu#02.txt".
2016-06-26T02:05:54+00:00 hntvlan569.0645.wlan.wireless-resnet.upenn.edu#02 I: Expected: Ident abc1
2016-06-26T02:05:54+00:00 hntvlan569.0645.wlan.wireless-resnet.upenn.edu#02 I: Actual: Ident abc1
2016-06-26T02:05:54+00:00 hntvlan569.0645.wlan.wireless-resnet.upenn.edu#02 I: Test suite:10:ident with trailing num is successful.
2016-06-26T02:05:54+00:00 hntvlan569.0645.wlan.wireless-resnet.upenn.edu#02 I: Removed a temporary file: "/var/folders/l3/z45trqb550509wh51ydxj61h0000gn/T/ounit-2fbc4c-hntvlan569.0645.wlan.wireless-resnet.upenn.edu#02.txt".
2016-06-26T02:05:54+00:00 hntvlan569.0645.wlan.wireless-resnet.upenn.edu#02 I: End test suite:10:ident with trailing num.
2016-06-26T02:05:54+00:00 hntvlan569.0645.wlan.wireless-resnet.upenn.edu#02 I: Start test suite:12:test string of proto helper.
2016-06-26T02:05:54+00:00 hntvlan569.0645.wlan.wireless-resnet.upenn.edu#02 I: Expected: name: foo, args: a b 
2016-06-26T02:05:54+00:00 hntvlan569.0645.wlan.wireless-resnet.upenn.edu#02 I: Actual: name: foo, args: a b 
2016-06-26T02:05:54+00:00 hntvlan569.0645.wlan.wireless-resnet.upenn.edu#02 I: Test suite:12:test string of proto helper is successful.
2016-06-26T02:05:54+00:00 hntvlan569.0645.wlan.wireless-resnet.upenn.edu#02 I: End test suite:12:test string of proto helper.
2016-06-26T02:05:54+00:00 hntvlan569.0645.wlan.wireless-resnet.upenn.edu#02 I: Start test suite:14:parse proto one arg.
2016-06-26T02:05:54+00:00 hntvlan569.0645.wlan.wireless-resnet.upenn.edu#02 I: Expected: name: sq, args: my_var 
2016-06-26T02:05:54+00:00 hntvlan569.0645.wlan.wireless-resnet.upenn.edu#02 I: Actual: name: sq, args: my_var 
2016-06-26T02:05:54+00:00 hntvlan569.0645.wlan.wireless-resnet.upenn.edu#02 I: Expected: Ident foo
2016-06-26T02:05:54+00:00 hntvlan569.0645.wlan.wireless-resnet.upenn.edu#02 I: Actual: Ident foo
2016-06-26T02:05:54+00:00 hntvlan569.0645.wlan.wireless-resnet.upenn.edu#02 I: Test suite:14:parse proto one arg is successful.
2016-06-26T02:05:54+00:00 hntvlan569.0645.wlan.wireless-resnet.upenn.edu#02 I: End test suite:14:parse proto one arg.
2016-06-26T02:05:54+00:00 hntvlan569.0645.wlan.wireless-resnet.upenn.edu#02 I: Start test suite:15:parse proto multi args.
2016-06-26T02:05:54+00:00 hntvlan569.0645.wlan.wireless-resnet.upenn.edu#02 I: Expected: name: sq, args: a b 
2016-06-26T02:05:54+00:00 hntvlan569.0645.wlan.wireless-resnet.upenn.edu#02 I: Actual: name: sq, args: a b 
2016-06-26T02:05:54+00:00 hntvlan569.0645.wlan.wireless-resnet.upenn.edu#02 I: Expected: Ident foo
2016-06-26T02:05:54+00:00 hntvlan569.0645.wlan.wireless-resnet.upenn.edu#02 I: Actual: Ident foo
2016-06-26T02:05:54+00:00 hntvlan569.0645.wlan.wireless-resnet.upenn.edu#02 I: Test suite:15:parse proto multi args is successful.
2016-06-26T02:05:54+00:00 hntvlan569.0645.wlan.wireless-resnet.upenn.edu#02 I: End test suite:15:parse proto multi args.
