2016-07-02T23:23:00+00:00 vagvlan536.088.wlan.library.upenn.edu#00 I: Runner: processes
2016-07-02T23:23:00+00:00 vagvlan536.088.wlan.library.upenn.edu#00 I: Chooser: simple
2016-07-02T23:23:00+00:00 vagvlan536.088.wlan.library.upenn.edu#00 I: Configuration suite_name = "suite"
2016-07-02T23:23:00+00:00 vagvlan536.088.wlan.library.upenn.edu#00 I: Configuration cache_filename = "/Users/matthewriley/llvm_tutorial/_build/oUnit-$(suite_name).cache"
2016-07-02T23:23:00+00:00 vagvlan536.088.wlan.library.upenn.edu#00 I: Configuration display = "true"
2016-07-02T23:23:00+00:00 vagvlan536.088.wlan.library.upenn.edu#00 I: Configuration results_style_1_X = "false"
2016-07-02T23:23:00+00:00 vagvlan536.088.wlan.library.upenn.edu#00 I: Configuration verbose = "false"
2016-07-02T23:23:00+00:00 vagvlan536.088.wlan.library.upenn.edu#00 I: Configuration health_check_interval = "1."
2016-07-02T23:23:00+00:00 vagvlan536.088.wlan.library.upenn.edu#00 I: Configuration testdata_dir = "none"
2016-07-02T23:23:00+00:00 vagvlan536.088.wlan.library.upenn.edu#00 I: Configuration chooser = "simple"
2016-07-02T23:23:00+00:00 vagvlan536.088.wlan.library.upenn.edu#00 I: Configuration output_html_dir = "none"
2016-07-02T23:23:00+00:00 vagvlan536.088.wlan.library.upenn.edu#00 I: Configuration processes_kill_period = "5."
2016-07-02T23:23:00+00:00 vagvlan536.088.wlan.library.upenn.edu#00 I: Configuration runner = "processes"
2016-07-02T23:23:00+00:00 vagvlan536.088.wlan.library.upenn.edu#00 I: Configuration shards = "2"
2016-07-02T23:23:00+00:00 vagvlan536.088.wlan.library.upenn.edu#00 I: Configuration processes_grace_period = "5."
2016-07-02T23:23:00+00:00 vagvlan536.088.wlan.library.upenn.edu#00 I: Configuration log_encoding = "utf-8"
2016-07-02T23:23:00+00:00 vagvlan536.088.wlan.library.upenn.edu#00 I: Configuration output_junit_file = "none"
2016-07-02T23:23:00+00:00 vagvlan536.088.wlan.library.upenn.edu#00 I: Configuration output_file = "/Users/matthewriley/llvm_tutorial/_build/oUnit-$(suite_name)-$(shard_id).log"
2016-07-02T23:23:00+00:00 vagvlan536.088.wlan.library.upenn.edu#00 I: Using 2 workers maximum.
2016-07-02T23:23:00+00:00 vagvlan536.088.wlan.library.upenn.edu#00 I: Starting worker number vagvlan536.088.wlan.library.upenn.edu#01.
2016-07-02T23:23:00+00:00 vagvlan536.088.wlan.library.upenn.edu#00 I: Worker vagvlan536.088.wlan.library.upenn.edu#01 started.
2016-07-02T23:23:00+00:00 vagvlan536.088.wlan.library.upenn.edu#00 I: Starting worker number vagvlan536.088.wlan.library.upenn.edu#02.
2016-07-02T23:23:00+00:00 vagvlan536.088.wlan.library.upenn.edu#00 I: Worker vagvlan536.088.wlan.library.upenn.edu#02 started.
2016-07-02T23:23:00+00:00 vagvlan536.088.wlan.library.upenn.edu#00 I: 2 tests running: suite:1:single num test, suite:0:empty file test.
2016-07-02T23:23:00+00:00 vagvlan536.088.wlan.library.upenn.edu#01 I: Start test suite:0:empty file test.
2016-07-02T23:23:00+00:00 vagvlan536.088.wlan.library.upenn.edu#00 I: 2 tests running: suite:1:single num test, suite:0:empty file test.
2016-07-02T23:23:00+00:00 vagvlan536.088.wlan.library.upenn.edu#02 I: Start test suite:1:single num test.
2016-07-02T23:23:00+00:00 vagvlan536.088.wlan.library.upenn.edu#00 I: 2 tests running: suite:1:single num test, suite:0:empty file test.
2016-07-02T23:23:00+00:00 vagvlan536.088.wlan.library.upenn.edu#01 I: Created a temporary file: "/var/folders/l3/z45trqb550509wh51ydxj61h0000gn/T/ounit-af16b8-vagvlan536.088.wlan.library.upenn.edu#01.txt".
2016-07-02T23:23:00+00:00 vagvlan536.088.wlan.library.upenn.edu#00 I: 2 tests running: suite:1:single num test, suite:0:empty file test.
2016-07-02T23:23:00+00:00 vagvlan536.088.wlan.library.upenn.edu#01 I: Expected: 
2016-07-02T23:23:00+00:00 vagvlan536.088.wlan.library.upenn.edu#02 I: Created a temporary file: "/var/folders/l3/z45trqb550509wh51ydxj61h0000gn/T/ounit-d494d9-vagvlan536.088.wlan.library.upenn.edu#02.txt".
2016-07-02T23:23:00+00:00 vagvlan536.088.wlan.library.upenn.edu#00 I: 2 tests running: suite:1:single num test, suite:0:empty file test.
2016-07-02T23:23:00+00:00 vagvlan536.088.wlan.library.upenn.edu#01 I: Actual: 
2016-07-02T23:23:00+00:00 vagvlan536.088.wlan.library.upenn.edu#02 I: Expected: Number 3.4
2016-07-02T23:23:00+00:00 vagvlan536.088.wlan.library.upenn.edu#00 I: 2 tests running: suite:1:single num test, suite:0:empty file test.
2016-07-02T23:23:00+00:00 vagvlan536.088.wlan.library.upenn.edu#02 I: Actual: Number 3.4
2016-07-02T23:23:00+00:00 vagvlan536.088.wlan.library.upenn.edu#00 I: 2 tests running: suite:1:single num test, suite:0:empty file test.
2016-07-02T23:23:00+00:00 vagvlan536.088.wlan.library.upenn.edu#01 I: Test suite:0:empty file test is successful.
2016-07-02T23:23:00+00:00 vagvlan536.088.wlan.library.upenn.edu#00 I: 2 tests running: suite:1:single num test, suite:0:empty file test.
2016-07-02T23:23:00+00:00 vagvlan536.088.wlan.library.upenn.edu#02 I: Test suite:1:single num test is successful.
2016-07-02T23:23:00+00:00 vagvlan536.088.wlan.library.upenn.edu#00 I: 2 tests running: suite:1:single num test, suite:0:empty file test.
2016-07-02T23:23:00+00:00 vagvlan536.088.wlan.library.upenn.edu#01 I: Removed a temporary file: "/var/folders/l3/z45trqb550509wh51ydxj61h0000gn/T/ounit-af16b8-vagvlan536.088.wlan.library.upenn.edu#01.txt".
2016-07-02T23:23:00+00:00 vagvlan536.088.wlan.library.upenn.edu#00 I: 2 tests running: suite:1:single num test, suite:0:empty file test.
2016-07-02T23:23:00+00:00 vagvlan536.088.wlan.library.upenn.edu#01 I: End test suite:0:empty file test.
2016-07-02T23:23:00+00:00 vagvlan536.088.wlan.library.upenn.edu#00 I: 2 tests running: suite:1:single num test, suite:0:empty file test.
2016-07-02T23:23:00+00:00 vagvlan536.088.wlan.library.upenn.edu#00 I: 2 tests running: suite:2:single def test, suite:1:single num test.
2016-07-02T23:23:00+00:00 vagvlan536.088.wlan.library.upenn.edu#01 I: Start test suite:2:single def test.
2016-07-02T23:23:00+00:00 vagvlan536.088.wlan.library.upenn.edu#00 I: 2 tests running: suite:2:single def test, suite:1:single num test.
2016-07-02T23:23:00+00:00 vagvlan536.088.wlan.library.upenn.edu#02 I: Removed a temporary file: "/var/folders/l3/z45trqb550509wh51ydxj61h0000gn/T/ounit-d494d9-vagvlan536.088.wlan.library.upenn.edu#02.txt".
2016-07-02T23:23:00+00:00 vagvlan536.088.wlan.library.upenn.edu#00 I: 2 tests running: suite:2:single def test, suite:1:single num test.
2016-07-02T23:23:00+00:00 vagvlan536.088.wlan.library.upenn.edu#02 I: End test suite:1:single num test.
2016-07-02T23:23:00+00:00 vagvlan536.088.wlan.library.upenn.edu#01 I: Created a temporary file: "/var/folders/l3/z45trqb550509wh51ydxj61h0000gn/T/ounit-5e5b64-vagvlan536.088.wlan.library.upenn.edu#01.txt".
2016-07-02T23:23:00+00:00 vagvlan536.088.wlan.library.upenn.edu#00 I: 2 tests running: suite:2:single def test, suite:1:single num test.
2016-07-02T23:23:00+00:00 vagvlan536.088.wlan.library.upenn.edu#01 I: Expected: def
2016-07-02T23:23:00+00:00 vagvlan536.088.wlan.library.upenn.edu#00 I: 2 tests running: suite:3:single extern test, suite:2:single def test.
2016-07-02T23:23:00+00:00 vagvlan536.088.wlan.library.upenn.edu#01 I: Actual: def
2016-07-02T23:23:00+00:00 vagvlan536.088.wlan.library.upenn.edu#00 I: 2 tests running: suite:3:single extern test, suite:2:single def test.
2016-07-02T23:23:00+00:00 vagvlan536.088.wlan.library.upenn.edu#02 I: Start test suite:3:single extern test.
2016-07-02T23:23:00+00:00 vagvlan536.088.wlan.library.upenn.edu#00 I: 2 tests running: suite:3:single extern test, suite:2:single def test.
2016-07-02T23:23:00+00:00 vagvlan536.088.wlan.library.upenn.edu#02 I: Created a temporary file: "/var/folders/l3/z45trqb550509wh51ydxj61h0000gn/T/ounit-c531db-vagvlan536.088.wlan.library.upenn.edu#02.txt".
2016-07-02T23:23:00+00:00 vagvlan536.088.wlan.library.upenn.edu#00 I: 2 tests running: suite:3:single extern test, suite:2:single def test.
2016-07-02T23:23:00+00:00 vagvlan536.088.wlan.library.upenn.edu#02 I: Expected: extern
2016-07-02T23:23:00+00:00 vagvlan536.088.wlan.library.upenn.edu#00 I: 2 tests running: suite:3:single extern test, suite:2:single def test.
2016-07-02T23:23:00+00:00 vagvlan536.088.wlan.library.upenn.edu#01 I: Test suite:2:single def test is successful.
2016-07-02T23:23:00+00:00 vagvlan536.088.wlan.library.upenn.edu#02 I: Actual: extern
2016-07-02T23:23:00+00:00 vagvlan536.088.wlan.library.upenn.edu#00 I: 2 tests running: suite:3:single extern test, suite:2:single def test.
2016-07-02T23:23:00+00:00 vagvlan536.088.wlan.library.upenn.edu#01 I: Removed a temporary file: "/var/folders/l3/z45trqb550509wh51ydxj61h0000gn/T/ounit-5e5b64-vagvlan536.088.wlan.library.upenn.edu#01.txt".
2016-07-02T23:23:00+00:00 vagvlan536.088.wlan.library.upenn.edu#00 I: 2 tests running: suite:3:single extern test, suite:2:single def test.
2016-07-02T23:23:00+00:00 vagvlan536.088.wlan.library.upenn.edu#01 I: End test suite:2:single def test.
2016-07-02T23:23:00+00:00 vagvlan536.088.wlan.library.upenn.edu#00 I: 2 tests running: suite:3:single extern test, suite:2:single def test.
2016-07-02T23:23:00+00:00 vagvlan536.088.wlan.library.upenn.edu#00 I: 2 tests running: suite:4:single ident test, suite:3:single extern test.
2016-07-02T23:23:00+00:00 vagvlan536.088.wlan.library.upenn.edu#02 I: Test suite:3:single extern test is successful.
2016-07-02T23:23:00+00:00 vagvlan536.088.wlan.library.upenn.edu#00 I: 2 tests running: suite:4:single ident test, suite:3:single extern test.
2016-07-02T23:23:00+00:00 vagvlan536.088.wlan.library.upenn.edu#01 I: Start test suite:4:single ident test.
2016-07-02T23:23:00+00:00 vagvlan536.088.wlan.library.upenn.edu#00 I: 2 tests running: suite:4:single ident test, suite:3:single extern test.
2016-07-02T23:23:00+00:00 vagvlan536.088.wlan.library.upenn.edu#02 I: Removed a temporary file: "/var/folders/l3/z45trqb550509wh51ydxj61h0000gn/T/ounit-c531db-vagvlan536.088.wlan.library.upenn.edu#02.txt".
2016-07-02T23:23:00+00:00 vagvlan536.088.wlan.library.upenn.edu#00 I: 2 tests running: suite:4:single ident test, suite:3:single extern test.
2016-07-02T23:23:00+00:00 vagvlan536.088.wlan.library.upenn.edu#02 I: End test suite:3:single extern test.
2016-07-02T23:23:00+00:00 vagvlan536.088.wlan.library.upenn.edu#01 I: Created a temporary file: "/var/folders/l3/z45trqb550509wh51ydxj61h0000gn/T/ounit-0776f6-vagvlan536.088.wlan.library.upenn.edu#01.txt".
2016-07-02T23:23:00+00:00 vagvlan536.088.wlan.library.upenn.edu#00 I: 2 tests running: suite:4:single ident test, suite:3:single extern test.
2016-07-02T23:23:00+00:00 vagvlan536.088.wlan.library.upenn.edu#01 I: Expected: Ident foo
2016-07-02T23:23:00+00:00 vagvlan536.088.wlan.library.upenn.edu#00 I: 2 tests running: suite:5:single keyword test, suite:4:single ident test.
2016-07-02T23:23:00+00:00 vagvlan536.088.wlan.library.upenn.edu#01 I: Actual: Ident foo
2016-07-02T23:23:00+00:00 vagvlan536.088.wlan.library.upenn.edu#00 I: 2 tests running: suite:5:single keyword test, suite:4:single ident test.
2016-07-02T23:23:00+00:00 vagvlan536.088.wlan.library.upenn.edu#02 I: Start test suite:5:single keyword test.
2016-07-02T23:23:00+00:00 vagvlan536.088.wlan.library.upenn.edu#00 I: 2 tests running: suite:5:single keyword test, suite:4:single ident test.
2016-07-02T23:23:00+00:00 vagvlan536.088.wlan.library.upenn.edu#02 I: Created a temporary file: "/var/folders/l3/z45trqb550509wh51ydxj61h0000gn/T/ounit-e39688-vagvlan536.088.wlan.library.upenn.edu#02.txt".
2016-07-02T23:23:00+00:00 vagvlan536.088.wlan.library.upenn.edu#00 I: 2 tests running: suite:5:single keyword test, suite:4:single ident test.
2016-07-02T23:23:00+00:00 vagvlan536.088.wlan.library.upenn.edu#02 I: Expected: Other token (
2016-07-02T23:23:00+00:00 vagvlan536.088.wlan.library.upenn.edu#00 I: 2 tests running: suite:5:single keyword test, suite:4:single ident test.
2016-07-02T23:23:00+00:00 vagvlan536.088.wlan.library.upenn.edu#01 I: Test suite:4:single ident test is successful.
2016-07-02T23:23:00+00:00 vagvlan536.088.wlan.library.upenn.edu#02 I: Actual: Other token (
2016-07-02T23:23:00+00:00 vagvlan536.088.wlan.library.upenn.edu#00 I: 2 tests running: suite:5:single keyword test, suite:4:single ident test.
2016-07-02T23:23:00+00:00 vagvlan536.088.wlan.library.upenn.edu#01 I: Removed a temporary file: "/var/folders/l3/z45trqb550509wh51ydxj61h0000gn/T/ounit-0776f6-vagvlan536.088.wlan.library.upenn.edu#01.txt".
2016-07-02T23:23:00+00:00 vagvlan536.088.wlan.library.upenn.edu#00 I: 2 tests running: suite:5:single keyword test, suite:4:single ident test.
2016-07-02T23:23:00+00:00 vagvlan536.088.wlan.library.upenn.edu#01 I: End test suite:4:single ident test.
2016-07-02T23:23:00+00:00 vagvlan536.088.wlan.library.upenn.edu#00 I: 2 tests running: suite:5:single keyword test, suite:4:single ident test.
2016-07-02T23:23:00+00:00 vagvlan536.088.wlan.library.upenn.edu#00 I: 2 tests running: suite:6:ignore comment line, suite:5:single keyword test.
2016-07-02T23:23:00+00:00 vagvlan536.088.wlan.library.upenn.edu#01 I: Start test suite:6:ignore comment line.
2016-07-02T23:23:00+00:00 vagvlan536.088.wlan.library.upenn.edu#00 I: 2 tests running: suite:6:ignore comment line, suite:5:single keyword test.
2016-07-02T23:23:00+00:00 vagvlan536.088.wlan.library.upenn.edu#02 I: Test suite:5:single keyword test is successful.
2016-07-02T23:23:00+00:00 vagvlan536.088.wlan.library.upenn.edu#00 I: 2 tests running: suite:6:ignore comment line, suite:5:single keyword test.
2016-07-02T23:23:00+00:00 vagvlan536.088.wlan.library.upenn.edu#01 I: Created a temporary file: "/var/folders/l3/z45trqb550509wh51ydxj61h0000gn/T/ounit-285d83-vagvlan536.088.wlan.library.upenn.edu#01.txt".
2016-07-02T23:23:00+00:00 vagvlan536.088.wlan.library.upenn.edu#00 I: 2 tests running: suite:6:ignore comment line, suite:5:single keyword test.
2016-07-02T23:23:00+00:00 vagvlan536.088.wlan.library.upenn.edu#02 I: Removed a temporary file: "/var/folders/l3/z45trqb550509wh51ydxj61h0000gn/T/ounit-e39688-vagvlan536.088.wlan.library.upenn.edu#02.txt".
2016-07-02T23:23:00+00:00 vagvlan536.088.wlan.library.upenn.edu#01 I: Expected: def
2016-07-02T23:23:00+00:00 vagvlan536.088.wlan.library.upenn.edu#00 I: 2 tests running: suite:6:ignore comment line, suite:5:single keyword test.
2016-07-02T23:23:00+00:00 vagvlan536.088.wlan.library.upenn.edu#02 I: End test suite:5:single keyword test.
2016-07-02T23:23:00+00:00 vagvlan536.088.wlan.library.upenn.edu#01 I: Actual: def
2016-07-02T23:23:00+00:00 vagvlan536.088.wlan.library.upenn.edu#00 I: 2 tests running: suite:6:ignore comment line, suite:5:single keyword test.
2016-07-02T23:23:00+00:00 vagvlan536.088.wlan.library.upenn.edu#00 I: 2 tests running: suite:7:num ending in zero, suite:6:ignore comment line.
2016-07-02T23:23:00+00:00 vagvlan536.088.wlan.library.upenn.edu#02 I: Start test suite:7:num ending in zero.
2016-07-02T23:23:00+00:00 vagvlan536.088.wlan.library.upenn.edu#00 I: 2 tests running: suite:7:num ending in zero, suite:6:ignore comment line.
2016-07-02T23:23:00+00:00 vagvlan536.088.wlan.library.upenn.edu#01 I: Test suite:6:ignore comment line is successful.
2016-07-02T23:23:00+00:00 vagvlan536.088.wlan.library.upenn.edu#02 I: Created a temporary file: "/var/folders/l3/z45trqb550509wh51ydxj61h0000gn/T/ounit-44130e-vagvlan536.088.wlan.library.upenn.edu#02.txt".
2016-07-02T23:23:00+00:00 vagvlan536.088.wlan.library.upenn.edu#00 I: 2 tests running: suite:7:num ending in zero, suite:6:ignore comment line.
2016-07-02T23:23:00+00:00 vagvlan536.088.wlan.library.upenn.edu#02 I: Expected: Number 3.
2016-07-02T23:23:00+00:00 vagvlan536.088.wlan.library.upenn.edu#00 I: 2 tests running: suite:7:num ending in zero, suite:6:ignore comment line.
2016-07-02T23:23:00+00:00 vagvlan536.088.wlan.library.upenn.edu#01 I: Removed a temporary file: "/var/folders/l3/z45trqb550509wh51ydxj61h0000gn/T/ounit-285d83-vagvlan536.088.wlan.library.upenn.edu#01.txt".
2016-07-02T23:23:00+00:00 vagvlan536.088.wlan.library.upenn.edu#02 I: Actual: Number 3.
2016-07-02T23:23:00+00:00 vagvlan536.088.wlan.library.upenn.edu#00 I: 2 tests running: suite:7:num ending in zero, suite:6:ignore comment line.
2016-07-02T23:23:00+00:00 vagvlan536.088.wlan.library.upenn.edu#01 I: End test suite:6:ignore comment line.
2016-07-02T23:23:00+00:00 vagvlan536.088.wlan.library.upenn.edu#00 I: 2 tests running: suite:7:num ending in zero, suite:6:ignore comment line.
2016-07-02T23:23:00+00:00 vagvlan536.088.wlan.library.upenn.edu#02 I: Test suite:7:num ending in zero is successful.
2016-07-02T23:23:00+00:00 vagvlan536.088.wlan.library.upenn.edu#00 I: 2 tests running: suite:8:ident in parens, suite:7:num ending in zero.
2016-07-02T23:23:00+00:00 vagvlan536.088.wlan.library.upenn.edu#01 I: Start test suite:8:ident in parens.
2016-07-02T23:23:00+00:00 vagvlan536.088.wlan.library.upenn.edu#00 I: 2 tests running: suite:8:ident in parens, suite:7:num ending in zero.
2016-07-02T23:23:00+00:00 vagvlan536.088.wlan.library.upenn.edu#02 I: Removed a temporary file: "/var/folders/l3/z45trqb550509wh51ydxj61h0000gn/T/ounit-44130e-vagvlan536.088.wlan.library.upenn.edu#02.txt".
2016-07-02T23:23:00+00:00 vagvlan536.088.wlan.library.upenn.edu#00 I: 2 tests running: suite:8:ident in parens, suite:7:num ending in zero.
2016-07-02T23:23:00+00:00 vagvlan536.088.wlan.library.upenn.edu#02 I: End test suite:7:num ending in zero.
2016-07-02T23:23:00+00:00 vagvlan536.088.wlan.library.upenn.edu#01 I: Created a temporary file: "/var/folders/l3/z45trqb550509wh51ydxj61h0000gn/T/ounit-cb0722-vagvlan536.088.wlan.library.upenn.edu#01.txt".
2016-07-02T23:23:00+00:00 vagvlan536.088.wlan.library.upenn.edu#00 I: 2 tests running: suite:8:ident in parens, suite:7:num ending in zero.
2016-07-02T23:23:00+00:00 vagvlan536.088.wlan.library.upenn.edu#01 I: Expected: Other token (Ident fooOther token )
2016-07-02T23:23:00+00:00 vagvlan536.088.wlan.library.upenn.edu#00 I: 2 tests running: suite:9:number in parens, suite:8:ident in parens.
2016-07-02T23:23:00+00:00 vagvlan536.088.wlan.library.upenn.edu#01 I: Actual: Other token (Ident fooOther token )
2016-07-02T23:23:00+00:00 vagvlan536.088.wlan.library.upenn.edu#02 I: Start test suite:9:number in parens.
2016-07-02T23:23:00+00:00 vagvlan536.088.wlan.library.upenn.edu#00 I: 2 tests running: suite:9:number in parens, suite:8:ident in parens.
2016-07-02T23:23:00+00:00 vagvlan536.088.wlan.library.upenn.edu#02 I: Created a temporary file: "/var/folders/l3/z45trqb550509wh51ydxj61h0000gn/T/ounit-2f7543-vagvlan536.088.wlan.library.upenn.edu#02.txt".
2016-07-02T23:23:00+00:00 vagvlan536.088.wlan.library.upenn.edu#00 I: 2 tests running: suite:9:number in parens, suite:8:ident in parens.
2016-07-02T23:23:00+00:00 vagvlan536.088.wlan.library.upenn.edu#02 I: Expected: Other token (Number 2.Other token )
2016-07-02T23:23:00+00:00 vagvlan536.088.wlan.library.upenn.edu#00 I: 2 tests running: suite:9:number in parens, suite:8:ident in parens.
2016-07-02T23:23:00+00:00 vagvlan536.088.wlan.library.upenn.edu#02 I: Actual: Other token (Number 2.Other token )
2016-07-02T23:23:00+00:00 vagvlan536.088.wlan.library.upenn.edu#00 I: 2 tests running: suite:9:number in parens, suite:8:ident in parens.
2016-07-02T23:23:00+00:00 vagvlan536.088.wlan.library.upenn.edu#01 I: Test suite:8:ident in parens is successful.
2016-07-02T23:23:00+00:00 vagvlan536.088.wlan.library.upenn.edu#00 I: 2 tests running: suite:9:number in parens, suite:8:ident in parens.
2016-07-02T23:23:00+00:00 vagvlan536.088.wlan.library.upenn.edu#01 I: Removed a temporary file: "/var/folders/l3/z45trqb550509wh51ydxj61h0000gn/T/ounit-cb0722-vagvlan536.088.wlan.library.upenn.edu#01.txt".
2016-07-02T23:23:00+00:00 vagvlan536.088.wlan.library.upenn.edu#00 I: 2 tests running: suite:9:number in parens, suite:8:ident in parens.
2016-07-02T23:23:00+00:00 vagvlan536.088.wlan.library.upenn.edu#01 I: End test suite:8:ident in parens.
2016-07-02T23:23:00+00:00 vagvlan536.088.wlan.library.upenn.edu#00 I: 2 tests running: suite:9:number in parens, suite:8:ident in parens.
2016-07-02T23:23:00+00:00 vagvlan536.088.wlan.library.upenn.edu#02 I: Test suite:9:number in parens is successful.
2016-07-02T23:23:00+00:00 vagvlan536.088.wlan.library.upenn.edu#00 I: 2 tests running: suite:10:ident with trailing num, suite:9:number in parens.
2016-07-02T23:23:00+00:00 vagvlan536.088.wlan.library.upenn.edu#02 I: Removed a temporary file: "/var/folders/l3/z45trqb550509wh51ydxj61h0000gn/T/ounit-2f7543-vagvlan536.088.wlan.library.upenn.edu#02.txt".
2016-07-02T23:23:00+00:00 vagvlan536.088.wlan.library.upenn.edu#01 I: Start test suite:10:ident with trailing num.
2016-07-02T23:23:00+00:00 vagvlan536.088.wlan.library.upenn.edu#00 I: 2 tests running: suite:10:ident with trailing num, suite:9:number in parens.
2016-07-02T23:23:00+00:00 vagvlan536.088.wlan.library.upenn.edu#02 I: End test suite:9:number in parens.
2016-07-02T23:23:00+00:00 vagvlan536.088.wlan.library.upenn.edu#01 I: Created a temporary file: "/var/folders/l3/z45trqb550509wh51ydxj61h0000gn/T/ounit-77728d-vagvlan536.088.wlan.library.upenn.edu#01.txt".
2016-07-02T23:23:00+00:00 vagvlan536.088.wlan.library.upenn.edu#00 I: 2 tests running: suite:10:ident with trailing num, suite:9:number in parens.
2016-07-02T23:23:00+00:00 vagvlan536.088.wlan.library.upenn.edu#01 I: Expected: Ident abc1
2016-07-02T23:23:00+00:00 vagvlan536.088.wlan.library.upenn.edu#00 I: 2 tests running: suite:11:ident with leading num, suite:10:ident with trailing num.
2016-07-02T23:23:00+00:00 vagvlan536.088.wlan.library.upenn.edu#01 I: Actual: Ident abc1
2016-07-02T23:23:00+00:00 vagvlan536.088.wlan.library.upenn.edu#00 I: 2 tests running: suite:11:ident with leading num, suite:10:ident with trailing num.
2016-07-02T23:23:00+00:00 vagvlan536.088.wlan.library.upenn.edu#01 I: Test suite:10:ident with trailing num is successful.
2016-07-02T23:23:00+00:00 vagvlan536.088.wlan.library.upenn.edu#02 I: Start test suite:11:ident with leading num.
2016-07-02T23:23:00+00:00 vagvlan536.088.wlan.library.upenn.edu#00 I: 2 tests running: suite:11:ident with leading num, suite:10:ident with trailing num.
2016-07-02T23:23:00+00:00 vagvlan536.088.wlan.library.upenn.edu#01 I: Removed a temporary file: "/var/folders/l3/z45trqb550509wh51ydxj61h0000gn/T/ounit-77728d-vagvlan536.088.wlan.library.upenn.edu#01.txt".
2016-07-02T23:23:00+00:00 vagvlan536.088.wlan.library.upenn.edu#00 I: 2 tests running: suite:11:ident with leading num, suite:10:ident with trailing num.
2016-07-02T23:23:00+00:00 vagvlan536.088.wlan.library.upenn.edu#01 I: End test suite:10:ident with trailing num.
2016-07-02T23:23:00+00:00 vagvlan536.088.wlan.library.upenn.edu#02 I: Created a temporary file: "/var/folders/l3/z45trqb550509wh51ydxj61h0000gn/T/ounit-ef237b-vagvlan536.088.wlan.library.upenn.edu#02.txt".
2016-07-02T23:23:00+00:00 vagvlan536.088.wlan.library.upenn.edu#00 I: 2 tests running: suite:11:ident with leading num, suite:10:ident with trailing num.
2016-07-02T23:23:00+00:00 vagvlan536.088.wlan.library.upenn.edu#02 I: Expected: Number 2.Ident chainz
2016-07-02T23:23:00+00:00 vagvlan536.088.wlan.library.upenn.edu#00 I: 2 tests running: suite:12:test string of proto helper, suite:11:ident with leading num.
2016-07-02T23:23:00+00:00 vagvlan536.088.wlan.library.upenn.edu#02 I: Actual: Number 2.Ident chainz
2016-07-02T23:23:00+00:00 vagvlan536.088.wlan.library.upenn.edu#01 I: Start test suite:12:test string of proto helper.
2016-07-02T23:23:00+00:00 vagvlan536.088.wlan.library.upenn.edu#00 I: 2 tests running: suite:12:test string of proto helper, suite:11:ident with leading num.
2016-07-02T23:23:00+00:00 vagvlan536.088.wlan.library.upenn.edu#01 I: Expected: name: foo, args: a b 
2016-07-02T23:23:00+00:00 vagvlan536.088.wlan.library.upenn.edu#00 I: 2 tests running: suite:12:test string of proto helper, suite:11:ident with leading num.
2016-07-02T23:23:00+00:00 vagvlan536.088.wlan.library.upenn.edu#01 I: Actual: name: foo, args: a b 
2016-07-02T23:23:00+00:00 vagvlan536.088.wlan.library.upenn.edu#00 I: 2 tests running: suite:12:test string of proto helper, suite:11:ident with leading num.
2016-07-02T23:23:00+00:00 vagvlan536.088.wlan.library.upenn.edu#02 I: Test suite:11:ident with leading num is successful.
2016-07-02T23:23:00+00:00 vagvlan536.088.wlan.library.upenn.edu#00 I: 2 tests running: suite:12:test string of proto helper, suite:11:ident with leading num.
2016-07-02T23:23:00+00:00 vagvlan536.088.wlan.library.upenn.edu#01 I: Test suite:12:test string of proto helper is successful.
2016-07-02T23:23:00+00:00 vagvlan536.088.wlan.library.upenn.edu#00 I: 2 tests running: suite:12:test string of proto helper, suite:11:ident with leading num.
2016-07-02T23:23:00+00:00 vagvlan536.088.wlan.library.upenn.edu#01 I: End test suite:12:test string of proto helper.
2016-07-02T23:23:00+00:00 vagvlan536.088.wlan.library.upenn.edu#00 I: 2 tests running: suite:12:test string of proto helper, suite:11:ident with leading num.
2016-07-02T23:23:00+00:00 vagvlan536.088.wlan.library.upenn.edu#02 I: Removed a temporary file: "/var/folders/l3/z45trqb550509wh51ydxj61h0000gn/T/ounit-ef237b-vagvlan536.088.wlan.library.upenn.edu#02.txt".
2016-07-02T23:23:00+00:00 vagvlan536.088.wlan.library.upenn.edu#00 I: 2 tests running: suite:13:parse proto no args, suite:11:ident with leading num.
2016-07-02T23:23:00+00:00 vagvlan536.088.wlan.library.upenn.edu#02 I: End test suite:11:ident with leading num.
2016-07-02T23:23:00+00:00 vagvlan536.088.wlan.library.upenn.edu#00 I: 2 tests running: suite:13:parse proto no args, suite:11:ident with leading num.
2016-07-02T23:23:00+00:00 vagvlan536.088.wlan.library.upenn.edu#01 I: Start test suite:13:parse proto no args.
2016-07-02T23:23:00+00:00 vagvlan536.088.wlan.library.upenn.edu#00 I: 2 tests running: suite:14:parse proto one arg, suite:13:parse proto no args.
2016-07-02T23:23:00+00:00 vagvlan536.088.wlan.library.upenn.edu#01 I: Expected: name: sq, args: 
2016-07-02T23:23:00+00:00 vagvlan536.088.wlan.library.upenn.edu#00 I: 2 tests running: suite:14:parse proto one arg, suite:13:parse proto no args.
2016-07-02T23:23:00+00:00 vagvlan536.088.wlan.library.upenn.edu#01 I: Actual: name: sq, args: 
2016-07-02T23:23:00+00:00 vagvlan536.088.wlan.library.upenn.edu#02 I: Start test suite:14:parse proto one arg.
2016-07-02T23:23:00+00:00 vagvlan536.088.wlan.library.upenn.edu#00 I: 2 tests running: suite:14:parse proto one arg, suite:13:parse proto no args.
2016-07-02T23:23:00+00:00 vagvlan536.088.wlan.library.upenn.edu#01 I: Expected: Ident foo
2016-07-02T23:23:00+00:00 vagvlan536.088.wlan.library.upenn.edu#02 I: Expected: name: sq, args: my_var 
2016-07-02T23:23:00+00:00 vagvlan536.088.wlan.library.upenn.edu#00 I: 2 tests running: suite:14:parse proto one arg, suite:13:parse proto no args.
2016-07-02T23:23:00+00:00 vagvlan536.088.wlan.library.upenn.edu#01 I: Actual: Ident foo
2016-07-02T23:23:00+00:00 vagvlan536.088.wlan.library.upenn.edu#02 I: Actual: name: sq, args: my_var 
2016-07-02T23:23:00+00:00 vagvlan536.088.wlan.library.upenn.edu#00 I: 2 tests running: suite:14:parse proto one arg, suite:13:parse proto no args.
2016-07-02T23:23:00+00:00 vagvlan536.088.wlan.library.upenn.edu#02 I: Expected: Ident foo
2016-07-02T23:23:00+00:00 vagvlan536.088.wlan.library.upenn.edu#00 I: 2 tests running: suite:14:parse proto one arg, suite:13:parse proto no args.
2016-07-02T23:23:00+00:00 vagvlan536.088.wlan.library.upenn.edu#02 I: Actual: Ident foo
2016-07-02T23:23:00+00:00 vagvlan536.088.wlan.library.upenn.edu#00 I: 2 tests running: suite:14:parse proto one arg, suite:13:parse proto no args.
2016-07-02T23:23:00+00:00 vagvlan536.088.wlan.library.upenn.edu#01 I: Test suite:13:parse proto no args is successful.
2016-07-02T23:23:00+00:00 vagvlan536.088.wlan.library.upenn.edu#00 I: 2 tests running: suite:14:parse proto one arg, suite:13:parse proto no args.
2016-07-02T23:23:00+00:00 vagvlan536.088.wlan.library.upenn.edu#01 I: End test suite:13:parse proto no args.
2016-07-02T23:23:00+00:00 vagvlan536.088.wlan.library.upenn.edu#02 I: Test suite:14:parse proto one arg is successful.
2016-07-02T23:23:00+00:00 vagvlan536.088.wlan.library.upenn.edu#00 I: 2 tests running: suite:14:parse proto one arg, suite:13:parse proto no args.
2016-07-02T23:23:00+00:00 vagvlan536.088.wlan.library.upenn.edu#02 I: End test suite:14:parse proto one arg.
2016-07-02T23:23:00+00:00 vagvlan536.088.wlan.library.upenn.edu#00 I: 2 tests running: suite:15:parse proto multi args, suite:14:parse proto one arg.
2016-07-02T23:23:00+00:00 vagvlan536.088.wlan.library.upenn.edu#01 I: Start test suite:15:parse proto multi args.
2016-07-02T23:23:00+00:00 vagvlan536.088.wlan.library.upenn.edu#00 I: 2 tests running: suite:16:parse func no args, suite:15:parse proto multi args.
2016-07-02T23:23:00+00:00 vagvlan536.088.wlan.library.upenn.edu#01 I: Expected: name: sq, args: a b 
2016-07-02T23:23:00+00:00 vagvlan536.088.wlan.library.upenn.edu#02 I: Start test suite:16:parse func no args.
2016-07-02T23:23:00+00:00 vagvlan536.088.wlan.library.upenn.edu#00 I: 2 tests running: suite:16:parse func no args, suite:15:parse proto multi args.
2016-07-02T23:23:00+00:00 vagvlan536.088.wlan.library.upenn.edu#01 I: Actual: name: sq, args: a b 
2016-07-02T23:23:00+00:00 vagvlan536.088.wlan.library.upenn.edu#02 I: Expected: def name: foo, args: 
2016-07-02T23:23:00+00:00 vagvlan536.088.wlan.library.upenn.edu#00 I: 2 tests running: suite:16:parse func no args, suite:15:parse proto multi args.
2016-07-02T23:23:00+00:00 vagvlan536.088.wlan.library.upenn.edu#01 I: Expected: Ident foo
2016-07-02T23:23:00+00:00 vagvlan536.088.wlan.library.upenn.edu#02 I: Actual: def name: foo, args: 
2016-07-02T23:23:00+00:00 vagvlan536.088.wlan.library.upenn.edu#00 I: 2 tests running: suite:16:parse func no args, suite:15:parse proto multi args.
2016-07-02T23:23:00+00:00 vagvlan536.088.wlan.library.upenn.edu#01 I: Actual: Ident foo
2016-07-02T23:23:00+00:00 vagvlan536.088.wlan.library.upenn.edu#00 I: 2 tests running: suite:16:parse func no args, suite:15:parse proto multi args.
2016-07-02T23:23:00+00:00 vagvlan536.088.wlan.library.upenn.edu#01 I: Test suite:15:parse proto multi args is successful.
2016-07-02T23:23:00+00:00 vagvlan536.088.wlan.library.upenn.edu#00 I: 2 tests running: suite:16:parse func no args, suite:15:parse proto multi args.
2016-07-02T23:23:00+00:00 vagvlan536.088.wlan.library.upenn.edu#01 I: End test suite:15:parse proto multi args.
2016-07-02T23:23:00+00:00 vagvlan536.088.wlan.library.upenn.edu#02 I: Test suite:16:parse func no args is successful.
2016-07-02T23:23:00+00:00 vagvlan536.088.wlan.library.upenn.edu#00 I: 2 tests running: suite:16:parse func no args, suite:15:parse proto multi args.
2016-07-02T23:23:00+00:00 vagvlan536.088.wlan.library.upenn.edu#02 I: End test suite:16:parse func no args.
2016-07-02T23:23:00+00:00 vagvlan536.088.wlan.library.upenn.edu#00 I: 2 tests running: suite:17:parse call one arg, suite:16:parse func no args.
2016-07-02T23:23:00+00:00 vagvlan536.088.wlan.library.upenn.edu#01 I: Start test suite:17:parse call one arg.
2016-07-02T23:23:00+00:00 vagvlan536.088.wlan.library.upenn.edu#00 I: 2 tests running: suite:18:parse call two args, suite:17:parse call one arg.
2016-07-02T23:23:00+00:00 vagvlan536.088.wlan.library.upenn.edu#01 I: Expected: Call one with 1.
2016-07-02T23:23:00+00:00 vagvlan536.088.wlan.library.upenn.edu#02 I: Start test suite:18:parse call two args.
2016-07-02T23:23:00+00:00 vagvlan536.088.wlan.library.upenn.edu#00 I: 2 tests running: suite:18:parse call two args, suite:17:parse call one arg.
2016-07-02T23:23:00+00:00 vagvlan536.088.wlan.library.upenn.edu#01 I: Actual: Call one with 1.
2016-07-02T23:23:00+00:00 vagvlan536.088.wlan.library.upenn.edu#02 I: Expected: Call one with 2.1.
2016-07-02T23:23:00+00:00 vagvlan536.088.wlan.library.upenn.edu#00 I: 2 tests running: suite:18:parse call two args, suite:17:parse call one arg.
2016-07-02T23:23:00+00:00 vagvlan536.088.wlan.library.upenn.edu#02 I: Actual: Call one with 2.1.
2016-07-02T23:23:00+00:00 vagvlan536.088.wlan.library.upenn.edu#00 I: 2 tests running: suite:18:parse call two args, suite:17:parse call one arg.
2016-07-02T23:23:00+00:00 vagvlan536.088.wlan.library.upenn.edu#01 I: Test suite:17:parse call one arg is successful.
2016-07-02T23:23:00+00:00 vagvlan536.088.wlan.library.upenn.edu#00 I: 2 tests running: suite:18:parse call two args, suite:17:parse call one arg.
2016-07-02T23:23:00+00:00 vagvlan536.088.wlan.library.upenn.edu#01 I: End test suite:17:parse call one arg.
2016-07-02T23:23:00+00:00 vagvlan536.088.wlan.library.upenn.edu#02 I: Test suite:18:parse call two args is successful.
2016-07-02T23:23:00+00:00 vagvlan536.088.wlan.library.upenn.edu#00 I: 2 tests running: suite:18:parse call two args, suite:17:parse call one arg.
2016-07-02T23:23:00+00:00 vagvlan536.088.wlan.library.upenn.edu#02 I: End test suite:18:parse call two args.
2016-07-02T23:23:00+00:00 vagvlan536.088.wlan.library.upenn.edu#00 I: 2 tests running: suite:19:parse binary expr single term, suite:18:parse call two args.
2016-07-02T23:23:00+00:00 vagvlan536.088.wlan.library.upenn.edu#01 I: Start test suite:19:parse binary expr single term.
2016-07-02T23:23:00+00:00 vagvlan536.088.wlan.library.upenn.edu#00 I: 2 tests running: suite:20:parse binary expr two terms, suite:19:parse binary expr single term.
2016-07-02T23:23:00+00:00 vagvlan536.088.wlan.library.upenn.edu#01 I: Expected: 1.
2016-07-02T23:23:00+00:00 vagvlan536.088.wlan.library.upenn.edu#02 I: Start test suite:20:parse binary expr two terms.
2016-07-02T23:23:00+00:00 vagvlan536.088.wlan.library.upenn.edu#00 I: 2 tests running: suite:20:parse binary expr two terms, suite:19:parse binary expr single term.
2016-07-02T23:23:00+00:00 vagvlan536.088.wlan.library.upenn.edu#01 I: Actual: 1.
2016-07-02T23:23:00+00:00 vagvlan536.088.wlan.library.upenn.edu#02 I: Expected: (+, a, b)
2016-07-02T23:23:00+00:00 vagvlan536.088.wlan.library.upenn.edu#00 I: 2 tests running: suite:20:parse binary expr two terms, suite:19:parse binary expr single term.
2016-07-02T23:23:00+00:00 vagvlan536.088.wlan.library.upenn.edu#01 I: Expected: Ident ha
2016-07-02T23:23:00+00:00 vagvlan536.088.wlan.library.upenn.edu#02 I: Actual: (+, a, b)
2016-07-02T23:23:00+00:00 vagvlan536.088.wlan.library.upenn.edu#00 I: 2 tests running: suite:20:parse binary expr two terms, suite:19:parse binary expr single term.
2016-07-02T23:23:00+00:00 vagvlan536.088.wlan.library.upenn.edu#01 I: Actual: Ident ha
2016-07-02T23:23:00+00:00 vagvlan536.088.wlan.library.upenn.edu#02 I: Expected: Ident c
2016-07-02T23:23:00+00:00 vagvlan536.088.wlan.library.upenn.edu#00 I: 2 tests running: suite:20:parse binary expr two terms, suite:19:parse binary expr single term.
2016-07-02T23:23:00+00:00 vagvlan536.088.wlan.library.upenn.edu#02 I: Actual: Ident c
2016-07-02T23:23:00+00:00 vagvlan536.088.wlan.library.upenn.edu#00 I: 2 tests running: suite:20:parse binary expr two terms, suite:19:parse binary expr single term.
2016-07-02T23:23:00+00:00 vagvlan536.088.wlan.library.upenn.edu#02 I: Test suite:20:parse binary expr two terms is successful.
2016-07-02T23:23:00+00:00 vagvlan536.088.wlan.library.upenn.edu#00 I: 2 tests running: suite:20:parse binary expr two terms, suite:19:parse binary expr single term.
2016-07-02T23:23:00+00:00 vagvlan536.088.wlan.library.upenn.edu#02 I: End test suite:20:parse binary expr two terms.
2016-07-02T23:23:00+00:00 vagvlan536.088.wlan.library.upenn.edu#00 I: 2 tests running: suite:20:parse binary expr two terms, suite:19:parse binary expr single term.
2016-07-02T23:23:00+00:00 vagvlan536.088.wlan.library.upenn.edu#00 I: 2 tests running: suite:21:parse binary expr. three terms, increasing precedence, suite:19:parse binary expr single term.
2016-07-02T23:23:00+00:00 vagvlan536.088.wlan.library.upenn.edu#02 I: Start test suite:21:parse binary expr. three terms, increasing precedence.
2016-07-02T23:23:00+00:00 vagvlan536.088.wlan.library.upenn.edu#00 I: 2 tests running: suite:21:parse binary expr. three terms, increasing precedence, suite:19:parse binary expr single term.
2016-07-02T23:23:00+00:00 vagvlan536.088.wlan.library.upenn.edu#02 I: Expected: (+, a, (*, b, c))
2016-07-02T23:23:00+00:00 vagvlan536.088.wlan.library.upenn.edu#00 I: 2 tests running: suite:21:parse binary expr. three terms, increasing precedence, suite:19:parse binary expr single term.
2016-07-02T23:23:00+00:00 vagvlan536.088.wlan.library.upenn.edu#02 I: Actual: (+, a, (*, b, c))
2016-07-02T23:23:00+00:00 vagvlan536.088.wlan.library.upenn.edu#00 I: 2 tests running: suite:21:parse binary expr. three terms, increasing precedence, suite:19:parse binary expr single term.
2016-07-02T23:23:00+00:00 vagvlan536.088.wlan.library.upenn.edu#02 I: Expected: Ident d
2016-07-02T23:23:00+00:00 vagvlan536.088.wlan.library.upenn.edu#00 I: 2 tests running: suite:21:parse binary expr. three terms, increasing precedence, suite:19:parse binary expr single term.
2016-07-02T23:23:00+00:00 vagvlan536.088.wlan.library.upenn.edu#02 I: Actual: Ident d
2016-07-02T23:23:00+00:00 vagvlan536.088.wlan.library.upenn.edu#00 I: 2 tests running: suite:21:parse binary expr. three terms, increasing precedence, suite:19:parse binary expr single term.
2016-07-02T23:23:00+00:00 vagvlan536.088.wlan.library.upenn.edu#01 I: Test suite:19:parse binary expr single term is successful.
2016-07-02T23:23:00+00:00 vagvlan536.088.wlan.library.upenn.edu#00 I: 2 tests running: suite:21:parse binary expr. three terms, increasing precedence, suite:19:parse binary expr single term.
2016-07-02T23:23:00+00:00 vagvlan536.088.wlan.library.upenn.edu#01 I: End test suite:19:parse binary expr single term.
2016-07-02T23:23:00+00:00 vagvlan536.088.wlan.library.upenn.edu#00 I: 2 tests running: suite:21:parse binary expr. three terms, increasing precedence, suite:19:parse binary expr single term.
2016-07-02T23:23:00+00:00 vagvlan536.088.wlan.library.upenn.edu#00 I: 2 tests running: suite:22:parse binary expr. three terms, decreasing precedence, suite:21:parse binary expr. three terms, increasing precedence.
2016-07-02T23:23:00+00:00 vagvlan536.088.wlan.library.upenn.edu#01 I: Start test suite:22:parse binary expr. three terms, decreasing precedence.
2016-07-02T23:23:00+00:00 vagvlan536.088.wlan.library.upenn.edu#00 I: 2 tests running: suite:22:parse binary expr. three terms, decreasing precedence, suite:21:parse binary expr. three terms, increasing precedence.
2016-07-02T23:23:00+00:00 vagvlan536.088.wlan.library.upenn.edu#01 I: Expected: (+, (*, a, b), c)
2016-07-02T23:23:00+00:00 vagvlan536.088.wlan.library.upenn.edu#00 I: 2 tests running: suite:22:parse binary expr. three terms, decreasing precedence, suite:21:parse binary expr. three terms, increasing precedence.
2016-07-02T23:23:00+00:00 vagvlan536.088.wlan.library.upenn.edu#01 I: Actual: (+, (*, a, b), c)
2016-07-02T23:23:00+00:00 vagvlan536.088.wlan.library.upenn.edu#00 I: 2 tests running: suite:22:parse binary expr. three terms, decreasing precedence, suite:21:parse binary expr. three terms, increasing precedence.
2016-07-02T23:23:00+00:00 vagvlan536.088.wlan.library.upenn.edu#01 I: Expected: Ident d
2016-07-02T23:23:00+00:00 vagvlan536.088.wlan.library.upenn.edu#00 I: 2 tests running: suite:22:parse binary expr. three terms, decreasing precedence, suite:21:parse binary expr. three terms, increasing precedence.
2016-07-02T23:23:00+00:00 vagvlan536.088.wlan.library.upenn.edu#01 I: Actual: Ident d
2016-07-02T23:23:00+00:00 vagvlan536.088.wlan.library.upenn.edu#00 I: 2 tests running: suite:22:parse binary expr. three terms, decreasing precedence, suite:21:parse binary expr. three terms, increasing precedence.
2016-07-02T23:23:00+00:00 vagvlan536.088.wlan.library.upenn.edu#01 I: Test suite:22:parse binary expr. three terms, decreasing precedence is successful.
2016-07-02T23:23:00+00:00 vagvlan536.088.wlan.library.upenn.edu#00 I: 2 tests running: suite:22:parse binary expr. three terms, decreasing precedence, suite:21:parse binary expr. three terms, increasing precedence.
2016-07-02T23:23:00+00:00 vagvlan536.088.wlan.library.upenn.edu#01 I: End test suite:22:parse binary expr. three terms, decreasing precedence.
2016-07-02T23:23:00+00:00 vagvlan536.088.wlan.library.upenn.edu#00 I: 2 tests running: suite:22:parse binary expr. three terms, decreasing precedence, suite:21:parse binary expr. three terms, increasing precedence.
2016-07-02T23:23:00+00:00 vagvlan536.088.wlan.library.upenn.edu#02 I: Test suite:21:parse binary expr. three terms, increasing precedence is successful.
2016-07-02T23:23:00+00:00 vagvlan536.088.wlan.library.upenn.edu#00 I: 2 tests running: suite:23:parse binary expr. three terms, increasing precedence, suite:21:parse binary expr. three terms, increasing precedence.
2016-07-02T23:23:00+00:00 vagvlan536.088.wlan.library.upenn.edu#02 I: End test suite:21:parse binary expr. three terms, increasing precedence.
2016-07-02T23:23:00+00:00 vagvlan536.088.wlan.library.upenn.edu#01 I: Start test suite:23:parse binary expr. three terms, increasing precedence.
2016-07-02T23:23:00+00:00 vagvlan536.088.wlan.library.upenn.edu#00 I: 2 tests running: suite:23:parse binary expr. three terms, increasing precedence, suite:21:parse binary expr. three terms, increasing precedence.
2016-07-02T23:23:00+00:00 vagvlan536.088.wlan.library.upenn.edu#01 I: Expected: (+, a, (+, b, c))
2016-07-02T23:23:00+00:00 vagvlan536.088.wlan.library.upenn.edu#00 I: 2 tests running: suite:24:parse binary expr, high plateau, suite:23:parse binary expr. three terms, increasing precedence.
2016-07-02T23:23:00+00:00 vagvlan536.088.wlan.library.upenn.edu#01 I: Actual: (+, a, (+, b, c))
2016-07-02T23:23:00+00:00 vagvlan536.088.wlan.library.upenn.edu#00 I: 2 tests running: suite:24:parse binary expr, high plateau, suite:23:parse binary expr. three terms, increasing precedence.
2016-07-02T23:23:00+00:00 vagvlan536.088.wlan.library.upenn.edu#01 I: Expected: Ident d
2016-07-02T23:23:00+00:00 vagvlan536.088.wlan.library.upenn.edu#02 I: Start test suite:24:parse binary expr, high plateau.
2016-07-02T23:23:00+00:00 vagvlan536.088.wlan.library.upenn.edu#00 I: 2 tests running: suite:24:parse binary expr, high plateau, suite:23:parse binary expr. three terms, increasing precedence.
2016-07-02T23:23:00+00:00 vagvlan536.088.wlan.library.upenn.edu#01 I: Actual: Ident d
2016-07-02T23:23:00+00:00 vagvlan536.088.wlan.library.upenn.edu#02 I: Expected: (+, a, (*, b, (*, c, d)))
2016-07-02T23:23:00+00:00 vagvlan536.088.wlan.library.upenn.edu#00 I: 2 tests running: suite:24:parse binary expr, high plateau, suite:23:parse binary expr. three terms, increasing precedence.
2016-07-02T23:23:00+00:00 vagvlan536.088.wlan.library.upenn.edu#02 I: Actual: (+, a, (*, b, (*, c, d)))
2016-07-02T23:23:00+00:00 vagvlan536.088.wlan.library.upenn.edu#00 I: 2 tests running: suite:24:parse binary expr, high plateau, suite:23:parse binary expr. three terms, increasing precedence.
2016-07-02T23:23:00+00:00 vagvlan536.088.wlan.library.upenn.edu#02 I: Expected: Ident foo
2016-07-02T23:23:00+00:00 vagvlan536.088.wlan.library.upenn.edu#00 I: 2 tests running: suite:24:parse binary expr, high plateau, suite:23:parse binary expr. three terms, increasing precedence.
2016-07-02T23:23:00+00:00 vagvlan536.088.wlan.library.upenn.edu#02 I: Actual: Ident foo
2016-07-02T23:23:00+00:00 vagvlan536.088.wlan.library.upenn.edu#00 I: 2 tests running: suite:24:parse binary expr, high plateau, suite:23:parse binary expr. three terms, increasing precedence.
2016-07-02T23:23:00+00:00 vagvlan536.088.wlan.library.upenn.edu#01 I: Test suite:23:parse binary expr. three terms, increasing precedence is successful.
2016-07-02T23:23:00+00:00 vagvlan536.088.wlan.library.upenn.edu#02 I: Test suite:24:parse binary expr, high plateau is successful.
2016-07-02T23:23:00+00:00 vagvlan536.088.wlan.library.upenn.edu#00 I: 2 tests running: suite:24:parse binary expr, high plateau, suite:23:parse binary expr. three terms, increasing precedence.
2016-07-02T23:23:00+00:00 vagvlan536.088.wlan.library.upenn.edu#01 I: End test suite:23:parse binary expr. three terms, increasing precedence.
2016-07-02T23:23:00+00:00 vagvlan536.088.wlan.library.upenn.edu#02 I: End test suite:24:parse binary expr, high plateau.
2016-07-02T23:23:00+00:00 vagvlan536.088.wlan.library.upenn.edu#00 I: 2 tests running: suite:24:parse binary expr, high plateau, suite:23:parse binary expr. three terms, increasing precedence.
2016-07-02T23:23:00+00:00 vagvlan536.088.wlan.library.upenn.edu#00 I: 2 tests running: suite:26:parse binary expr, high peak, suite:25:parse binary expr, low plateau.
2016-07-02T23:23:00+00:00 vagvlan536.088.wlan.library.upenn.edu#02 I: Start test suite:25:parse binary expr, low plateau.
2016-07-02T23:23:00+00:00 vagvlan536.088.wlan.library.upenn.edu#01 I: Start test suite:26:parse binary expr, high peak.
2016-07-02T23:23:00+00:00 vagvlan536.088.wlan.library.upenn.edu#00 I: 2 tests running: suite:26:parse binary expr, high peak, suite:25:parse binary expr, low plateau.
2016-07-02T23:23:00+00:00 vagvlan536.088.wlan.library.upenn.edu#02 I: Expected: (+, (*, a, b), (+, c, d))
2016-07-02T23:23:00+00:00 vagvlan536.088.wlan.library.upenn.edu#01 I: Expected: (+, (+, a, (*, b, c)), d)
2016-07-02T23:23:00+00:00 vagvlan536.088.wlan.library.upenn.edu#00 I: 2 tests running: suite:26:parse binary expr, high peak, suite:25:parse binary expr, low plateau.
2016-07-02T23:23:00+00:00 vagvlan536.088.wlan.library.upenn.edu#02 I: Actual: (+, (*, a, b), (+, c, d))
2016-07-02T23:23:00+00:00 vagvlan536.088.wlan.library.upenn.edu#01 I: Actual: (+, a, (+, (*, b, c), d))
2016-07-02T23:23:00+00:00 vagvlan536.088.wlan.library.upenn.edu#00 I: 2 tests running: suite:26:parse binary expr, high peak, suite:25:parse binary expr, low plateau.
2016-07-02T23:23:00+00:00 vagvlan536.088.wlan.library.upenn.edu#02 I: Expected: Ident foo
2016-07-02T23:23:00+00:00 vagvlan536.088.wlan.library.upenn.edu#00 I: 2 tests running: suite:26:parse binary expr, high peak, suite:25:parse binary expr, low plateau.
2016-07-02T23:23:00+00:00 vagvlan536.088.wlan.library.upenn.edu#02 I: Actual: Ident foo
2016-07-02T23:23:00+00:00 vagvlan536.088.wlan.library.upenn.edu#00 I: 2 tests running: suite:26:parse binary expr, high peak, suite:25:parse binary expr, low plateau.
2016-07-02T23:23:00+00:00 vagvlan536.088.wlan.library.upenn.edu#02 I: Test suite:25:parse binary expr, low plateau is successful.
2016-07-02T23:23:00+00:00 vagvlan536.088.wlan.library.upenn.edu#00 I: 2 tests running: suite:26:parse binary expr, high peak, suite:25:parse binary expr, low plateau.
2016-07-02T23:23:00+00:00 vagvlan536.088.wlan.library.upenn.edu#02 I: End test suite:25:parse binary expr, low plateau.
2016-07-02T23:23:00+00:00 vagvlan536.088.wlan.library.upenn.edu#00 I: 2 tests running: suite:26:parse binary expr, high peak, suite:25:parse binary expr, low plateau.
2016-07-02T23:23:00+00:00 vagvlan536.088.wlan.library.upenn.edu#00 I: Still 2 tests running : suite:27:parse binary expr, low peak, suite:26:parse binary expr, high peak.
2016-07-02T23:23:00+00:00 vagvlan536.088.wlan.library.upenn.edu#00 I: 2 tests running: suite:27:parse binary expr, low peak, suite:26:parse binary expr, high peak.
2016-07-02T23:23:00+00:00 vagvlan536.088.wlan.library.upenn.edu#02 I: Start test suite:27:parse binary expr, low peak.
2016-07-02T23:23:00+00:00 vagvlan536.088.wlan.library.upenn.edu#00 I: Still 2 tests running : suite:27:parse binary expr, low peak, suite:26:parse binary expr, high peak.
2016-07-02T23:23:00+00:00 vagvlan536.088.wlan.library.upenn.edu#00 I: 2 tests running: suite:27:parse binary expr, low peak, suite:26:parse binary expr, high peak.
2016-07-02T23:23:00+00:00 vagvlan536.088.wlan.library.upenn.edu#02 I: Expected: (+, (*, a, b), (*, c, d))
2016-07-02T23:23:00+00:00 vagvlan536.088.wlan.library.upenn.edu#00 I: Still 2 tests running : suite:27:parse binary expr, low peak, suite:26:parse binary expr, high peak.
2016-07-02T23:23:00+00:00 vagvlan536.088.wlan.library.upenn.edu#00 I: 2 tests running: suite:27:parse binary expr, low peak, suite:26:parse binary expr, high peak.
2016-07-02T23:23:00+00:00 vagvlan536.088.wlan.library.upenn.edu#02 I: Actual: (+, (*, a, b), (*, c, d))
2016-07-02T23:23:00+00:00 vagvlan536.088.wlan.library.upenn.edu#00 I: Still 2 tests running : suite:27:parse binary expr, low peak, suite:26:parse binary expr, high peak.
2016-07-02T23:23:00+00:00 vagvlan536.088.wlan.library.upenn.edu#00 I: 2 tests running: suite:27:parse binary expr, low peak, suite:26:parse binary expr, high peak.
2016-07-02T23:23:00+00:00 vagvlan536.088.wlan.library.upenn.edu#02 I: Expected: Ident foo
2016-07-02T23:23:00+00:00 vagvlan536.088.wlan.library.upenn.edu#00 I: Still 2 tests running : suite:27:parse binary expr, low peak, suite:26:parse binary expr, high peak.
2016-07-02T23:23:00+00:00 vagvlan536.088.wlan.library.upenn.edu#00 I: 2 tests running: suite:27:parse binary expr, low peak, suite:26:parse binary expr, high peak.
2016-07-02T23:23:00+00:00 vagvlan536.088.wlan.library.upenn.edu#02 I: Actual: Ident foo
2016-07-02T23:23:00+00:00 vagvlan536.088.wlan.library.upenn.edu#00 I: Still 2 tests running : suite:27:parse binary expr, low peak, suite:26:parse binary expr, high peak.
2016-07-02T23:23:00+00:00 vagvlan536.088.wlan.library.upenn.edu#00 I: 2 tests running: suite:27:parse binary expr, low peak, suite:26:parse binary expr, high peak.
2016-07-02T23:23:00+00:00 vagvlan536.088.wlan.library.upenn.edu#02 I: Test suite:27:parse binary expr, low peak is successful.
2016-07-02T23:23:00+00:00 vagvlan536.088.wlan.library.upenn.edu#00 I: Still 2 tests running : suite:27:parse binary expr, low peak, suite:26:parse binary expr, high peak.
2016-07-02T23:23:00+00:00 vagvlan536.088.wlan.library.upenn.edu#00 I: 2 tests running: suite:27:parse binary expr, low peak, suite:26:parse binary expr, high peak.
2016-07-02T23:23:00+00:00 vagvlan536.088.wlan.library.upenn.edu#02 I: End test suite:27:parse binary expr, low peak.
2016-07-02T23:23:00+00:00 vagvlan536.088.wlan.library.upenn.edu#00 I: Still 2 tests running : suite:27:parse binary expr, low peak, suite:26:parse binary expr, high peak.
2016-07-02T23:23:00+00:00 vagvlan536.088.wlan.library.upenn.edu#00 I: 2 tests running: suite:27:parse binary expr, low peak, suite:26:parse binary expr, high peak.
2016-07-02T23:23:00+00:00 vagvlan536.088.wlan.library.upenn.edu#00 I: Still 1 tests running : suite:26:parse binary expr, high peak.
2016-07-02T23:23:00+00:00 vagvlan536.088.wlan.library.upenn.edu#00 I: 1 tests running: suite:26:parse binary expr, high peak.
2016-07-02T23:23:00+00:00 vagvlan536.088.wlan.library.upenn.edu#01 E: Test suite:26:parse binary expr, high peak has failed.
2016-07-02T23:23:00+00:00 vagvlan536.088.wlan.library.upenn.edu#01 E: expected: (+, (+, a, (*, b, c)), d) but got: (+, a, (+, (*, b, c), d)) in test suite:26:parse binary expr, high peak.
2016-07-02T23:23:00+00:00 vagvlan536.088.wlan.library.upenn.edu#01 E: Raised at file "src/oUnitAssert.ml", line 45, characters 8-27
2016-07-02T23:23:00+00:00 vagvlan536.088.wlan.library.upenn.edu#01 E: Called from file "test.ml", line 223, characters 2-68
2016-07-02T23:23:00+00:00 vagvlan536.088.wlan.library.upenn.edu#01 E: Called from file "src/oUnitRunner.ml", line 46, characters 13-26
2016-07-02T23:23:00+00:00 vagvlan536.088.wlan.library.upenn.edu#01 E: 
2016-07-02T23:23:00+00:00 vagvlan536.088.wlan.library.upenn.edu#00 I: Still 1 tests running : suite:26:parse binary expr, high peak.
2016-07-02T23:23:00+00:00 vagvlan536.088.wlan.library.upenn.edu#00 I: 1 tests running: suite:26:parse binary expr, high peak.
2016-07-02T23:23:00+00:00 vagvlan536.088.wlan.library.upenn.edu#01 I: End test suite:26:parse binary expr, high peak.
2016-07-02T23:23:00+00:00 vagvlan536.088.wlan.library.upenn.edu#00 I: Still 1 tests running : suite:26:parse binary expr, high peak.
2016-07-02T23:23:00+00:00 vagvlan536.088.wlan.library.upenn.edu#00 I: 1 tests running: suite:26:parse binary expr, high peak.
2016-07-02T23:23:00+00:00 vagvlan536.088.wlan.library.upenn.edu#00 I: 0 tests running: .
2016-07-02T23:23:00+00:00 vagvlan536.088.wlan.library.upenn.edu#00 I: Worker vagvlan536.088.wlan.library.upenn.edu#02 has ended.
2016-07-02T23:23:00+00:00 vagvlan536.088.wlan.library.upenn.edu#00 I: Worker vagvlan536.088.wlan.library.upenn.edu#01 has ended.
2016-07-02T23:23:00+00:00 vagvlan536.088.wlan.library.upenn.edu#00 I: Used 2 worker during test execution.
2016-07-02T23:23:00+00:00 vagvlan536.088.wlan.library.upenn.edu#00 I: Run 14 tests with shard vagvlan536.088.wlan.library.upenn.edu#01.
2016-07-02T23:23:00+00:00 vagvlan536.088.wlan.library.upenn.edu#00 I: Run 14 tests with shard vagvlan536.088.wlan.library.upenn.edu#02.
2016-07-02T23:23:00+00:00 vagvlan536.088.wlan.library.upenn.edu#00 I: ==============
2016-07-02T23:23:00+00:00 vagvlan536.088.wlan.library.upenn.edu#00 I: Summary:
2016-07-02T23:23:00+00:00 vagvlan536.088.wlan.library.upenn.edu#00 E: Test suite:26:parse binary expr, high peak has failed.
2016-07-02T23:23:00+00:00 vagvlan536.088.wlan.library.upenn.edu#00 E: expected: (+, (+, a, (*, b, c)), d) but got: (+, a, (+, (*, b, c), d)) in test suite:26:parse binary expr, high peak.
2016-07-02T23:23:00+00:00 vagvlan536.088.wlan.library.upenn.edu#00 E: Raised at file "src/oUnitAssert.ml", line 45, characters 8-27
2016-07-02T23:23:00+00:00 vagvlan536.088.wlan.library.upenn.edu#00 E: Called from file "test.ml", line 223, characters 2-68
2016-07-02T23:23:00+00:00 vagvlan536.088.wlan.library.upenn.edu#00 E: Called from file "src/oUnitRunner.ml", line 46, characters 13-26
2016-07-02T23:23:00+00:00 vagvlan536.088.wlan.library.upenn.edu#00 E: 
2016-07-02T23:23:00+00:00 vagvlan536.088.wlan.library.upenn.edu#00 I: Test suite:27:parse binary expr, low peak is successful.
2016-07-02T23:23:00+00:00 vagvlan536.088.wlan.library.upenn.edu#00 I: Test suite:25:parse binary expr, low plateau is successful.
2016-07-02T23:23:00+00:00 vagvlan536.088.wlan.library.upenn.edu#00 I: Test suite:24:parse binary expr, high plateau is successful.
2016-07-02T23:23:00+00:00 vagvlan536.088.wlan.library.upenn.edu#00 I: Test suite:23:parse binary expr. three terms, increasing precedence is successful.
2016-07-02T23:23:00+00:00 vagvlan536.088.wlan.library.upenn.edu#00 I: Test suite:21:parse binary expr. three terms, increasing precedence is successful.
2016-07-02T23:23:00+00:00 vagvlan536.088.wlan.library.upenn.edu#00 I: Test suite:22:parse binary expr. three terms, decreasing precedence is successful.
2016-07-02T23:23:00+00:00 vagvlan536.088.wlan.library.upenn.edu#00 I: Test suite:19:parse binary expr single term is successful.
2016-07-02T23:23:00+00:00 vagvlan536.088.wlan.library.upenn.edu#00 I: Test suite:20:parse binary expr two terms is successful.
2016-07-02T23:23:00+00:00 vagvlan536.088.wlan.library.upenn.edu#00 I: Test suite:18:parse call two args is successful.
2016-07-02T23:23:00+00:00 vagvlan536.088.wlan.library.upenn.edu#00 I: Test suite:17:parse call one arg is successful.
2016-07-02T23:23:00+00:00 vagvlan536.088.wlan.library.upenn.edu#00 I: Test suite:16:parse func no args is successful.
2016-07-02T23:23:00+00:00 vagvlan536.088.wlan.library.upenn.edu#00 I: Test suite:15:parse proto multi args is successful.
2016-07-02T23:23:00+00:00 vagvlan536.088.wlan.library.upenn.edu#00 I: Test suite:14:parse proto one arg is successful.
2016-07-02T23:23:00+00:00 vagvlan536.088.wlan.library.upenn.edu#00 I: Test suite:13:parse proto no args is successful.
2016-07-02T23:23:00+00:00 vagvlan536.088.wlan.library.upenn.edu#00 I: Test suite:11:ident with leading num is successful.
2016-07-02T23:23:00+00:00 vagvlan536.088.wlan.library.upenn.edu#00 I: Test suite:12:test string of proto helper is successful.
2016-07-02T23:23:00+00:00 vagvlan536.088.wlan.library.upenn.edu#00 I: Test suite:10:ident with trailing num is successful.
2016-07-02T23:23:00+00:00 vagvlan536.088.wlan.library.upenn.edu#00 I: Test suite:9:number in parens is successful.
2016-07-02T23:23:00+00:00 vagvlan536.088.wlan.library.upenn.edu#00 I: Test suite:8:ident in parens is successful.
2016-07-02T23:23:00+00:00 vagvlan536.088.wlan.library.upenn.edu#00 I: Test suite:7:num ending in zero is successful.
2016-07-02T23:23:00+00:00 vagvlan536.088.wlan.library.upenn.edu#00 I: Test suite:6:ignore comment line is successful.
2016-07-02T23:23:00+00:00 vagvlan536.088.wlan.library.upenn.edu#00 I: Test suite:5:single keyword test is successful.
2016-07-02T23:23:00+00:00 vagvlan536.088.wlan.library.upenn.edu#00 I: Test suite:4:single ident test is successful.
2016-07-02T23:23:00+00:00 vagvlan536.088.wlan.library.upenn.edu#00 I: Test suite:3:single extern test is successful.
2016-07-02T23:23:00+00:00 vagvlan536.088.wlan.library.upenn.edu#00 I: Test suite:2:single def test is successful.
2016-07-02T23:23:00+00:00 vagvlan536.088.wlan.library.upenn.edu#00 I: Test suite:1:single num test is successful.
2016-07-02T23:23:00+00:00 vagvlan536.088.wlan.library.upenn.edu#00 I: Test suite:0:empty file test is successful.
2016-07-02T23:23:00+00:00 vagvlan536.088.wlan.library.upenn.edu#00 I: Ran: 28 tests in: 0.24 seconds.
2016-07-02T23:23:00+00:00 vagvlan536.088.wlan.library.upenn.edu#00 I: Cases: 28.
2016-07-02T23:23:00+00:00 vagvlan536.088.wlan.library.upenn.edu#00 I: Tried: 28.
2016-07-02T23:23:00+00:00 vagvlan536.088.wlan.library.upenn.edu#00 I: Errors: 0.
2016-07-02T23:23:00+00:00 vagvlan536.088.wlan.library.upenn.edu#00 I: Failures: 1.
2016-07-02T23:23:00+00:00 vagvlan536.088.wlan.library.upenn.edu#00 I: Skip: 0.
2016-07-02T23:23:00+00:00 vagvlan536.088.wlan.library.upenn.edu#00 I: Todo: 0.
2016-07-02T23:23:00+00:00 vagvlan536.088.wlan.library.upenn.edu#00 I: Timeout: 0.
