2016-07-02T23:23:00+00:00 vagvlan536.088.wlan.library.upenn.edu#02 I: Start test suite:1:single num test.
2016-07-02T23:23:00+00:00 vagvlan536.088.wlan.library.upenn.edu#02 I: Created a temporary file: "/var/folders/l3/z45trqb550509wh51ydxj61h0000gn/T/ounit-d494d9-vagvlan536.088.wlan.library.upenn.edu#02.txt".
2016-07-02T23:23:00+00:00 vagvlan536.088.wlan.library.upenn.edu#02 I: Expected: Number 3.4
2016-07-02T23:23:00+00:00 vagvlan536.088.wlan.library.upenn.edu#02 I: Actual: Number 3.4
2016-07-02T23:23:00+00:00 vagvlan536.088.wlan.library.upenn.edu#02 I: Test suite:1:single num test is successful.
2016-07-02T23:23:00+00:00 vagvlan536.088.wlan.library.upenn.edu#02 I: Removed a temporary file: "/var/folders/l3/z45trqb550509wh51ydxj61h0000gn/T/ounit-d494d9-vagvlan536.088.wlan.library.upenn.edu#02.txt".
2016-07-02T23:23:00+00:00 vagvlan536.088.wlan.library.upenn.edu#02 I: End test suite:1:single num test.
2016-07-02T23:23:00+00:00 vagvlan536.088.wlan.library.upenn.edu#02 I: Start test suite:3:single extern test.
2016-07-02T23:23:00+00:00 vagvlan536.088.wlan.library.upenn.edu#02 I: Created a temporary file: "/var/folders/l3/z45trqb550509wh51ydxj61h0000gn/T/ounit-c531db-vagvlan536.088.wlan.library.upenn.edu#02.txt".
2016-07-02T23:23:00+00:00 vagvlan536.088.wlan.library.upenn.edu#02 I: Expected: extern
2016-07-02T23:23:00+00:00 vagvlan536.088.wlan.library.upenn.edu#02 I: Actual: extern
2016-07-02T23:23:00+00:00 vagvlan536.088.wlan.library.upenn.edu#02 I: Test suite:3:single extern test is successful.
2016-07-02T23:23:00+00:00 vagvlan536.088.wlan.library.upenn.edu#02 I: Removed a temporary file: "/var/folders/l3/z45trqb550509wh51ydxj61h0000gn/T/ounit-c531db-vagvlan536.088.wlan.library.upenn.edu#02.txt".
2016-07-02T23:23:00+00:00 vagvlan536.088.wlan.library.upenn.edu#02 I: End test suite:3:single extern test.
2016-07-02T23:23:00+00:00 vagvlan536.088.wlan.library.upenn.edu#02 I: Start test suite:5:single keyword test.
2016-07-02T23:23:00+00:00 vagvlan536.088.wlan.library.upenn.edu#02 I: Created a temporary file: "/var/folders/l3/z45trqb550509wh51ydxj61h0000gn/T/ounit-e39688-vagvlan536.088.wlan.library.upenn.edu#02.txt".
2016-07-02T23:23:00+00:00 vagvlan536.088.wlan.library.upenn.edu#02 I: Expected: Other token (
2016-07-02T23:23:00+00:00 vagvlan536.088.wlan.library.upenn.edu#02 I: Actual: Other token (
2016-07-02T23:23:00+00:00 vagvlan536.088.wlan.library.upenn.edu#02 I: Test suite:5:single keyword test is successful.
2016-07-02T23:23:00+00:00 vagvlan536.088.wlan.library.upenn.edu#02 I: Removed a temporary file: "/var/folders/l3/z45trqb550509wh51ydxj61h0000gn/T/ounit-e39688-vagvlan536.088.wlan.library.upenn.edu#02.txt".
2016-07-02T23:23:00+00:00 vagvlan536.088.wlan.library.upenn.edu#02 I: End test suite:5:single keyword test.
2016-07-02T23:23:00+00:00 vagvlan536.088.wlan.library.upenn.edu#02 I: Start test suite:7:num ending in zero.
2016-07-02T23:23:00+00:00 vagvlan536.088.wlan.library.upenn.edu#02 I: Created a temporary file: "/var/folders/l3/z45trqb550509wh51ydxj61h0000gn/T/ounit-44130e-vagvlan536.088.wlan.library.upenn.edu#02.txt".
2016-07-02T23:23:00+00:00 vagvlan536.088.wlan.library.upenn.edu#02 I: Expected: Number 3.
2016-07-02T23:23:00+00:00 vagvlan536.088.wlan.library.upenn.edu#02 I: Actual: Number 3.
2016-07-02T23:23:00+00:00 vagvlan536.088.wlan.library.upenn.edu#02 I: Test suite:7:num ending in zero is successful.
2016-07-02T23:23:00+00:00 vagvlan536.088.wlan.library.upenn.edu#02 I: Removed a temporary file: "/var/folders/l3/z45trqb550509wh51ydxj61h0000gn/T/ounit-44130e-vagvlan536.088.wlan.library.upenn.edu#02.txt".
2016-07-02T23:23:00+00:00 vagvlan536.088.wlan.library.upenn.edu#02 I: End test suite:7:num ending in zero.
2016-07-02T23:23:00+00:00 vagvlan536.088.wlan.library.upenn.edu#02 I: Start test suite:9:number in parens.
2016-07-02T23:23:00+00:00 vagvlan536.088.wlan.library.upenn.edu#02 I: Created a temporary file: "/var/folders/l3/z45trqb550509wh51ydxj61h0000gn/T/ounit-2f7543-vagvlan536.088.wlan.library.upenn.edu#02.txt".
2016-07-02T23:23:00+00:00 vagvlan536.088.wlan.library.upenn.edu#02 I: Expected: Other token (Number 2.Other token )
2016-07-02T23:23:00+00:00 vagvlan536.088.wlan.library.upenn.edu#02 I: Actual: Other token (Number 2.Other token )
2016-07-02T23:23:00+00:00 vagvlan536.088.wlan.library.upenn.edu#02 I: Test suite:9:number in parens is successful.
2016-07-02T23:23:00+00:00 vagvlan536.088.wlan.library.upenn.edu#02 I: Removed a temporary file: "/var/folders/l3/z45trqb550509wh51ydxj61h0000gn/T/ounit-2f7543-vagvlan536.088.wlan.library.upenn.edu#02.txt".
2016-07-02T23:23:00+00:00 vagvlan536.088.wlan.library.upenn.edu#02 I: End test suite:9:number in parens.
2016-07-02T23:23:00+00:00 vagvlan536.088.wlan.library.upenn.edu#02 I: Start test suite:11:ident with leading num.
2016-07-02T23:23:00+00:00 vagvlan536.088.wlan.library.upenn.edu#02 I: Created a temporary file: "/var/folders/l3/z45trqb550509wh51ydxj61h0000gn/T/ounit-ef237b-vagvlan536.088.wlan.library.upenn.edu#02.txt".
2016-07-02T23:23:00+00:00 vagvlan536.088.wlan.library.upenn.edu#02 I: Expected: Number 2.Ident chainz
2016-07-02T23:23:00+00:00 vagvlan536.088.wlan.library.upenn.edu#02 I: Actual: Number 2.Ident chainz
2016-07-02T23:23:00+00:00 vagvlan536.088.wlan.library.upenn.edu#02 I: Test suite:11:ident with leading num is successful.
2016-07-02T23:23:00+00:00 vagvlan536.088.wlan.library.upenn.edu#02 I: Removed a temporary file: "/var/folders/l3/z45trqb550509wh51ydxj61h0000gn/T/ounit-ef237b-vagvlan536.088.wlan.library.upenn.edu#02.txt".
2016-07-02T23:23:00+00:00 vagvlan536.088.wlan.library.upenn.edu#02 I: End test suite:11:ident with leading num.
2016-07-02T23:23:00+00:00 vagvlan536.088.wlan.library.upenn.edu#02 I: Start test suite:14:parse proto one arg.
2016-07-02T23:23:00+00:00 vagvlan536.088.wlan.library.upenn.edu#02 I: Expected: name: sq, args: my_var 
2016-07-02T23:23:00+00:00 vagvlan536.088.wlan.library.upenn.edu#02 I: Actual: name: sq, args: my_var 
2016-07-02T23:23:00+00:00 vagvlan536.088.wlan.library.upenn.edu#02 I: Expected: Ident foo
2016-07-02T23:23:00+00:00 vagvlan536.088.wlan.library.upenn.edu#02 I: Actual: Ident foo
2016-07-02T23:23:00+00:00 vagvlan536.088.wlan.library.upenn.edu#02 I: Test suite:14:parse proto one arg is successful.
2016-07-02T23:23:00+00:00 vagvlan536.088.wlan.library.upenn.edu#02 I: End test suite:14:parse proto one arg.
2016-07-02T23:23:00+00:00 vagvlan536.088.wlan.library.upenn.edu#02 I: Start test suite:16:parse func no args.
2016-07-02T23:23:00+00:00 vagvlan536.088.wlan.library.upenn.edu#02 I: Expected: def name: foo, args: 
2016-07-02T23:23:00+00:00 vagvlan536.088.wlan.library.upenn.edu#02 I: Actual: def name: foo, args: 
2016-07-02T23:23:00+00:00 vagvlan536.088.wlan.library.upenn.edu#02 I: Test suite:16:parse func no args is successful.
2016-07-02T23:23:00+00:00 vagvlan536.088.wlan.library.upenn.edu#02 I: End test suite:16:parse func no args.
2016-07-02T23:23:00+00:00 vagvlan536.088.wlan.library.upenn.edu#02 I: Start test suite:18:parse call two args.
2016-07-02T23:23:00+00:00 vagvlan536.088.wlan.library.upenn.edu#02 I: Expected: Call one with 2.1.
2016-07-02T23:23:00+00:00 vagvlan536.088.wlan.library.upenn.edu#02 I: Actual: Call one with 2.1.
2016-07-02T23:23:00+00:00 vagvlan536.088.wlan.library.upenn.edu#02 I: Test suite:18:parse call two args is successful.
2016-07-02T23:23:00+00:00 vagvlan536.088.wlan.library.upenn.edu#02 I: End test suite:18:parse call two args.
2016-07-02T23:23:00+00:00 vagvlan536.088.wlan.library.upenn.edu#02 I: Start test suite:20:parse binary expr two terms.
2016-07-02T23:23:00+00:00 vagvlan536.088.wlan.library.upenn.edu#02 I: Expected: (+, a, b)
2016-07-02T23:23:00+00:00 vagvlan536.088.wlan.library.upenn.edu#02 I: Actual: (+, a, b)
2016-07-02T23:23:00+00:00 vagvlan536.088.wlan.library.upenn.edu#02 I: Expected: Ident c
2016-07-02T23:23:00+00:00 vagvlan536.088.wlan.library.upenn.edu#02 I: Actual: Ident c
2016-07-02T23:23:00+00:00 vagvlan536.088.wlan.library.upenn.edu#02 I: Test suite:20:parse binary expr two terms is successful.
2016-07-02T23:23:00+00:00 vagvlan536.088.wlan.library.upenn.edu#02 I: End test suite:20:parse binary expr two terms.
2016-07-02T23:23:00+00:00 vagvlan536.088.wlan.library.upenn.edu#02 I: Start test suite:21:parse binary expr. three terms, increasing precedence.
2016-07-02T23:23:00+00:00 vagvlan536.088.wlan.library.upenn.edu#02 I: Expected: (+, a, (*, b, c))
2016-07-02T23:23:00+00:00 vagvlan536.088.wlan.library.upenn.edu#02 I: Actual: (+, a, (*, b, c))
2016-07-02T23:23:00+00:00 vagvlan536.088.wlan.library.upenn.edu#02 I: Expected: Ident d
2016-07-02T23:23:00+00:00 vagvlan536.088.wlan.library.upenn.edu#02 I: Actual: Ident d
2016-07-02T23:23:00+00:00 vagvlan536.088.wlan.library.upenn.edu#02 I: Test suite:21:parse binary expr. three terms, increasing precedence is successful.
2016-07-02T23:23:00+00:00 vagvlan536.088.wlan.library.upenn.edu#02 I: End test suite:21:parse binary expr. three terms, increasing precedence.
2016-07-02T23:23:00+00:00 vagvlan536.088.wlan.library.upenn.edu#02 I: Start test suite:24:parse binary expr, high plateau.
2016-07-02T23:23:00+00:00 vagvlan536.088.wlan.library.upenn.edu#02 I: Expected: (+, a, (*, b, (*, c, d)))
2016-07-02T23:23:00+00:00 vagvlan536.088.wlan.library.upenn.edu#02 I: Actual: (+, a, (*, b, (*, c, d)))
2016-07-02T23:23:00+00:00 vagvlan536.088.wlan.library.upenn.edu#02 I: Expected: Ident foo
2016-07-02T23:23:00+00:00 vagvlan536.088.wlan.library.upenn.edu#02 I: Actual: Ident foo
2016-07-02T23:23:00+00:00 vagvlan536.088.wlan.library.upenn.edu#02 I: Test suite:24:parse binary expr, high plateau is successful.
2016-07-02T23:23:00+00:00 vagvlan536.088.wlan.library.upenn.edu#02 I: End test suite:24:parse binary expr, high plateau.
2016-07-02T23:23:00+00:00 vagvlan536.088.wlan.library.upenn.edu#02 I: Start test suite:25:parse binary expr, low plateau.
2016-07-02T23:23:00+00:00 vagvlan536.088.wlan.library.upenn.edu#02 I: Expected: (+, (*, a, b), (+, c, d))
2016-07-02T23:23:00+00:00 vagvlan536.088.wlan.library.upenn.edu#02 I: Actual: (+, (*, a, b), (+, c, d))
2016-07-02T23:23:00+00:00 vagvlan536.088.wlan.library.upenn.edu#02 I: Expected: Ident foo
2016-07-02T23:23:00+00:00 vagvlan536.088.wlan.library.upenn.edu#02 I: Actual: Ident foo
2016-07-02T23:23:00+00:00 vagvlan536.088.wlan.library.upenn.edu#02 I: Test suite:25:parse binary expr, low plateau is successful.
2016-07-02T23:23:00+00:00 vagvlan536.088.wlan.library.upenn.edu#02 I: End test suite:25:parse binary expr, low plateau.
2016-07-02T23:23:00+00:00 vagvlan536.088.wlan.library.upenn.edu#02 I: Start test suite:27:parse binary expr, low peak.
2016-07-02T23:23:00+00:00 vagvlan536.088.wlan.library.upenn.edu#02 I: Expected: (+, (*, a, b), (*, c, d))
2016-07-02T23:23:00+00:00 vagvlan536.088.wlan.library.upenn.edu#02 I: Actual: (+, (*, a, b), (*, c, d))
2016-07-02T23:23:00+00:00 vagvlan536.088.wlan.library.upenn.edu#02 I: Expected: Ident foo
2016-07-02T23:23:00+00:00 vagvlan536.088.wlan.library.upenn.edu#02 I: Actual: Ident foo
2016-07-02T23:23:00+00:00 vagvlan536.088.wlan.library.upenn.edu#02 I: Test suite:27:parse binary expr, low peak is successful.
2016-07-02T23:23:00+00:00 vagvlan536.088.wlan.library.upenn.edu#02 I: End test suite:27:parse binary expr, low peak.
